#
# There is insufficient memory for the Java Runtime Environment to continue.
# Native memory allocation (malloc) failed to allocate 1407536 bytes for Chunk::new
# Possible reasons:
#   The system is out of physical RAM or swap space
#   The process is running with CompressedOops enabled, and the Java Heap may be blocking the growth of the native heap
# Possible solutions:
#   Reduce memory load on the system
#   Increase physical memory or swap space
#   Check if swap backing store is full
#   Decrease Java heap size (-Xmx/-Xms)
#   Decrease number of Java threads
#   Decrease Java thread stack sizes (-Xss)
#   Set larger code cache with -XX:ReservedCodeCacheSize=
#   JVM is running with Zero Based Compressed Oops mode in which the Java heap is
#     placed in the first 32GB address space. The Java Heap base address is the
#     maximum limit for the native heap growth. Please use -XX:HeapBaseMinAddress
#     to set the Java Heap base and to place the Java Heap above 32GB virtual address.
# This output file may be truncated or incomplete.
#
#  Out of Memory Error (arena.cpp:168), pid=33172, tid=36036
#
# JRE version: Java(TM) SE Runtime Environment (21.0.4+8) (build 21.0.4+8-LTS-274)
# Java VM: Java HotSpot(TM) 64-Bit Server VM (21.0.4+8-LTS-274, mixed mode, sharing, tiered, compressed oops, compressed class ptrs, g1 gc, windows-amd64)
# No core dump will be written. Minidumps are not enabled by default on client versions of Windows
#

---------------  S U M M A R Y ------------

Command Line: -Dfile.encoding=UTF-8 -Dstdout.encoding=UTF-8 -Dstderr.encoding=UTF-8 -XX:+ShowCodeDetailsInExceptionMessages SelIntroduction

Host: Intel(R) Core(TM) i7-10700F CPU @ 2.90GHz, 16 cores, 15G,  Windows 11 , 64 bit Build 22621 (10.0.22621.3958)
Time: Wed Aug 28 18:17:20 2024 India Standard Time elapsed time: 2.290555 seconds (0d 0h 0m 2s)

---------------  T H R E A D  ---------------

Current thread (0x000001d49e18b0d0):  JavaThread "C2 CompilerThread2" daemon [_thread_in_native, id=36036, stack(0x000000ae8e600000,0x000000ae8e700000) (1024K)]


Current CompileTask:
C2:   2290 1912       4       java.lang.invoke.MethodType::methodType (69 bytes)

Stack: [0x000000ae8e600000,0x000000ae8e700000]
Native frames: (J=compiled Java code, j=interpreted, Vv=VM code, C=native code)
V  [jvm.dll+0x6c8e59]
V  [jvm.dll+0x853181]
V  [jvm.dll+0x8556ae]
V  [jvm.dll+0x855d83]
V  [jvm.dll+0x27d526]
V  [jvm.dll+0xc4aad]
V  [jvm.dll+0xc4fe3]
V  [jvm.dll+0x3b3fd2]
V  [jvm.dll+0x3809a5]
V  [jvm.dll+0x37fe1a]
V  [jvm.dll+0x246280]
V  [jvm.dll+0x24585f]
V  [jvm.dll+0x1c69de]
V  [jvm.dll+0x254d49]
V  [jvm.dll+0x2532da]
V  [jvm.dll+0x3ed426]
V  [jvm.dll+0x7fd65b]
V  [jvm.dll+0x6c753d]
C  [ucrtbase.dll+0x29333]
C  [KERNEL32.DLL+0x1257d]
C  [ntdll.dll+0x5af28]


---------------  P R O C E S S  ---------------

Threads class SMR info:
_java_thread_list=0x000001d49e0c82d0, length=30, elements={
0x000001d435d0fa70, 0x000001d457c5ed20, 0x000001d457c602e0, 0x000001d457c62f70,
0x000001d457c65e40, 0x000001d457c6af40, 0x000001d457c6b9a0, 0x000001d457c77030,
0x000001d457c78b40, 0x000001d49d11a1f0, 0x000001d49d11a8a0, 0x000001d49d1317e0,
0x000001d49d176120, 0x000001d49d176950, 0x000001d49d658650, 0x000001d49d767410,
0x000001d49d93a560, 0x000001d49d93afe0, 0x000001d49d69de60, 0x000001d49e00a3e0,
0x000001d49da2e0e0, 0x000001d49e0aa1a0, 0x000001d49e0a8760, 0x000001d49e0a80d0,
0x000001d49e0a9480, 0x000001d49e0a8df0, 0x000001d49e0aa830, 0x000001d49e0aaec0,
0x000001d49e163380, 0x000001d49e18b0d0
}

Java Threads: ( => current thread )
  0x000001d435d0fa70 JavaThread "Forwarding get on session 36235ad96174b939f2e1e1c9f373a365 to remote"        [_thread_blocked, id=35808, stack(0x000000ae8b700000,0x000000ae8b800000) (1024K)]
  0x000001d457c5ed20 JavaThread "Reference Handler"          daemon [_thread_blocked, id=32864, stack(0x000000ae8bf00000,0x000000ae8c000000) (1024K)]
  0x000001d457c602e0 JavaThread "Finalizer"                  daemon [_thread_blocked, id=34304, stack(0x000000ae8c000000,0x000000ae8c100000) (1024K)]
  0x000001d457c62f70 JavaThread "Signal Dispatcher"          daemon [_thread_blocked, id=19068, stack(0x000000ae8c100000,0x000000ae8c200000) (1024K)]
  0x000001d457c65e40 JavaThread "Attach Listener"            daemon [_thread_blocked, id=13748, stack(0x000000ae8c200000,0x000000ae8c300000) (1024K)]
  0x000001d457c6af40 JavaThread "Service Thread"             daemon [_thread_blocked, id=34176, stack(0x000000ae8c300000,0x000000ae8c400000) (1024K)]
  0x000001d457c6b9a0 JavaThread "Monitor Deflation Thread"   daemon [_thread_blocked, id=21348, stack(0x000000ae8c400000,0x000000ae8c500000) (1024K)]
  0x000001d457c77030 JavaThread "C2 CompilerThread0"         daemon [_thread_blocked, id=34608, stack(0x000000ae8c500000,0x000000ae8c600000) (1024K)]
  0x000001d457c78b40 JavaThread "C1 CompilerThread0"         daemon [_thread_blocked, id=31144, stack(0x000000ae8c600000,0x000000ae8c700000) (1024K)]
  0x000001d49d11a1f0 JavaThread "C1 CompilerThread1"         daemon [_thread_blocked, id=29376, stack(0x000000ae8c700000,0x000000ae8c800000) (1024K)]
  0x000001d49d11a8a0 JavaThread "C1 CompilerThread2"         daemon [_thread_blocked, id=26648, stack(0x000000ae8c800000,0x000000ae8c900000) (1024K)]
  0x000001d49d1317e0 JavaThread "C1 CompilerThread3"         daemon [_thread_blocked, id=34656, stack(0x000000ae8c900000,0x000000ae8ca00000) (1024K)]
  0x000001d49d176120 JavaThread "Notification Thread"        daemon [_thread_blocked, id=34128, stack(0x000000ae8ca00000,0x000000ae8cb00000) (1024K)]
  0x000001d49d176950 JavaThread "Common-Cleaner"             daemon [_thread_blocked, id=23048, stack(0x000000ae8cb00000,0x000000ae8cc00000) (1024K)]
  0x000001d49d658650 JavaThread "ForkJoinPool.commonPool-worker-1" daemon [_thread_blocked, id=31332, stack(0x000000ae8cc00000,0x000000ae8cd00000) (1024K)]
  0x000001d49d767410 JavaThread "HttpClient-1-SelectorManager" daemon [_thread_in_native, id=16048, stack(0x000000ae8ce00000,0x000000ae8cf00000) (1024K)]
  0x000001d49d93a560 JavaThread "External Process Output Forwarder - C:\Users\pc\.cache\selenium\chromedriver\win64\128.0.6613.84\chromedriver.exe" daemon [_thread_in_native, id=33872, stack(0x000000ae8cf00000,0x000000ae8d000000) (1024K)]
  0x000001d49d93afe0 JavaThread "Driver Service Executor"    daemon [_thread_blocked, id=26472, stack(0x000000ae8d000000,0x000000ae8d100000) (1024K)]
  0x000001d49d69de60 JavaThread "Driver Service Executor"    daemon [_thread_in_native, id=21780, stack(0x000000ae8db00000,0x000000ae8dc00000) (1024K)]
  0x000001d49e00a3e0 JavaThread "UrlChecker-2"               daemon [_thread_blocked, id=35380, stack(0x000000ae8dc00000,0x000000ae8dd00000) (1024K)]
  0x000001d49da2e0e0 JavaThread "Keep-Alive-Timer"           daemon [_thread_blocked, id=35680, stack(0x000000ae8de00000,0x000000ae8df00000) (1024K)]
  0x000001d49e0aa1a0 JavaThread "JdkHttpClient-0-0"          daemon [_thread_blocked, id=31448, stack(0x000000ae8df00000,0x000000ae8e000000) (1024K)]
  0x000001d49e0a8760 JavaThread "JdkHttpClient-0-1"          daemon [_thread_blocked, id=17276, stack(0x000000ae8e000000,0x000000ae8e100000) (1024K)]
  0x000001d49e0a80d0 JavaThread "JdkHttpClient-0-2"          daemon [_thread_blocked, id=34644, stack(0x000000ae8e100000,0x000000ae8e200000) (1024K)]
  0x000001d49e0a9480 JavaThread "HttpClient-2-SelectorManager" daemon [_thread_in_native, id=35976, stack(0x000000ae8cd00000,0x000000ae8ce00000) (1024K)]
  0x000001d49e0a8df0 JavaThread "JdkHttpClient-1-0"          daemon [_thread_blocked, id=35980, stack(0x000000ae8e200000,0x000000ae8e300000) (1024K)]
  0x000001d49e0aa830 JavaThread "JdkHttpClient-1-1"          daemon [_thread_blocked, id=35984, stack(0x000000ae8e300000,0x000000ae8e400000) (1024K)]
  0x000001d49e0aaec0 JavaThread "JdkHttpClient-1-2"          daemon [_thread_blocked, id=35988, stack(0x000000ae8e400000,0x000000ae8e500000) (1024K)]
  0x000001d49e163380 JavaThread "C2 CompilerThread1"         daemon [_thread_blocked, id=36032, stack(0x000000ae8e500000,0x000000ae8e600000) (1024K)]
=>0x000001d49e18b0d0 JavaThread "C2 CompilerThread2"         daemon [_thread_in_native, id=36036, stack(0x000000ae8e600000,0x000000ae8e700000) (1024K)]
Total: 30

Other Threads:
  0x000001d457c432f0 VMThread "VM Thread"                           [id=34148, stack(0x000000ae8be00000,0x000000ae8bf00000) (1024K)]
  0x000001d457c2b2d0 WatcherThread "VM Periodic Task Thread"        [id=35736, stack(0x000000ae8bd00000,0x000000ae8be00000) (1024K)]
  0x000001d437fe4580 WorkerThread "GC Thread#0"                     [id=32744, stack(0x000000ae8b800000,0x000000ae8b900000) (1024K)]
  0x000001d49dbfec20 WorkerThread "GC Thread#1"                     [id=23400, stack(0x000000ae8d100000,0x000000ae8d200000) (1024K)]
  0x000001d49d93b650 WorkerThread "GC Thread#2"                     [id=34224, stack(0x000000ae8d200000,0x000000ae8d300000) (1024K)]
  0x000001d49d93b9f0 WorkerThread "GC Thread#3"                     [id=33556, stack(0x000000ae8d300000,0x000000ae8d400000) (1024K)]
  0x000001d49d93bd90 WorkerThread "GC Thread#4"                     [id=33992, stack(0x000000ae8d400000,0x000000ae8d500000) (1024K)]
  0x000001d49e007f10 WorkerThread "GC Thread#5"                     [id=35628, stack(0x000000ae8d500000,0x000000ae8d600000) (1024K)]
  0x000001d49e0206a0 WorkerThread "GC Thread#6"                     [id=34436, stack(0x000000ae8d600000,0x000000ae8d700000) (1024K)]
  0x000001d49e021250 WorkerThread "GC Thread#7"                     [id=23588, stack(0x000000ae8d700000,0x000000ae8d800000) (1024K)]
  0x000001d49e0215f0 WorkerThread "GC Thread#8"                     [id=6776, stack(0x000000ae8d800000,0x000000ae8d900000) (1024K)]
  0x000001d49e021fa0 WorkerThread "GC Thread#9"                     [id=27588, stack(0x000000ae8d900000,0x000000ae8da00000) (1024K)]
  0x000001d49e0236f0 WorkerThread "GC Thread#10"                    [id=28752, stack(0x000000ae8da00000,0x000000ae8db00000) (1024K)]
  0x000001d437ff5d30 ConcurrentGCThread "G1 Main Marker"            [id=35048, stack(0x000000ae8b900000,0x000000ae8ba00000) (1024K)]
  0x000001d437ff6830 WorkerThread "G1 Conc#0"                       [id=27568, stack(0x000000ae8ba00000,0x000000ae8bb00000) (1024K)]
  0x000001d457afa080 ConcurrentGCThread "G1 Refine#0"               [id=9916, stack(0x000000ae8bb00000,0x000000ae8bc00000) (1024K)]
  0x000001d457afaa00 ConcurrentGCThread "G1 Service"                [id=34348, stack(0x000000ae8bc00000,0x000000ae8bd00000) (1024K)]
Total: 17

Threads with active compile tasks:
C2 CompilerThread2     4318 1912       4       java.lang.invoke.MethodType::methodType (69 bytes)
Total: 1

VM state: not at safepoint (normal execution)

VM Mutex/Monitor currently owned by a thread: None

Heap address: 0x0000000702000000, size: 4064 MB, Compressed Oops mode: Zero based, Oop shift amount: 3

CDS archive(s) mapped at: [0x000001d458000000-0x000001d458c90000-0x000001d458c90000), size 13172736, SharedBaseAddress: 0x000001d458000000, ArchiveRelocationMode: 1.
Compressed class space mapped at: 0x000001d459000000-0x000001d499000000, reserved size: 1073741824
Narrow klass base: 0x000001d458000000, Narrow klass shift: 0, Narrow klass range: 0x100000000

GC Precious Log:
 CardTable entry size: 512
 Card Set container configuration: InlinePtr #cards 4 size 8 Array Of Cards #cards 16 size 48 Howl #buckets 8 coarsen threshold 3686 Howl Bitmap #cards 512 size 80 coarsen threshold 460 Card regions per heap region 1 cards per card region 4096
 CPUs: 16 total, 16 available
 Memory: 16253M
 Large Page Support: Disabled
 NUMA Support: Disabled
 Compressed Oops: Enabled (Zero based)
 Heap Region Size: 2M
 Heap Min Capacity: 8M
 Heap Initial Capacity: 254M
 Heap Max Capacity: 4064M
 Pre-touch: Disabled
 Parallel Workers: 13
 Concurrent Workers: 3
 Concurrent Refinement Workers: 13
 Periodic GC: Disabled

Heap:
 garbage-first heap   total 260096K, used 13407K [0x0000000702000000, 0x0000000800000000)
  region size 2048K, 7 young (14336K), 2 survivors (4096K)
 Metaspace       used 12192K, committed 12480K, reserved 1114112K
  class space    used 1450K, committed 1536K, reserved 1048576K

Heap Regions: E=young(eden), S=young(survivor), O=old, HS=humongous(starts), HC=humongous(continues), CS=collection set, F=free, TAMS=top-at-mark-start, PB=parsable bottom
|   0|0x0000000702000000, 0x0000000702117c20, 0x0000000702200000| 54%| O|  |TAMS 0x0000000702000000| PB 0x0000000702000000| Untracked 
|   1|0x0000000702200000, 0x0000000702200000, 0x0000000702400000|  0%| F|  |TAMS 0x0000000702200000| PB 0x0000000702200000| Untracked 
|   2|0x0000000702400000, 0x0000000702400000, 0x0000000702600000|  0%| F|  |TAMS 0x0000000702400000| PB 0x0000000702400000| Untracked 
|   3|0x0000000702600000, 0x0000000702600000, 0x0000000702800000|  0%| F|  |TAMS 0x0000000702600000| PB 0x0000000702600000| Untracked 
|   4|0x0000000702800000, 0x0000000702800000, 0x0000000702a00000|  0%| F|  |TAMS 0x0000000702800000| PB 0x0000000702800000| Untracked 
|   5|0x0000000702a00000, 0x0000000702a00000, 0x0000000702c00000|  0%| F|  |TAMS 0x0000000702a00000| PB 0x0000000702a00000| Untracked 
|   6|0x0000000702c00000, 0x0000000702c00000, 0x0000000702e00000|  0%| F|  |TAMS 0x0000000702c00000| PB 0x0000000702c00000| Untracked 
|   7|0x0000000702e00000, 0x0000000702e00000, 0x0000000703000000|  0%| F|  |TAMS 0x0000000702e00000| PB 0x0000000702e00000| Untracked 
|   8|0x0000000703000000, 0x0000000703000000, 0x0000000703200000|  0%| F|  |TAMS 0x0000000703000000| PB 0x0000000703000000| Untracked 
|   9|0x0000000703200000, 0x0000000703200000, 0x0000000703400000|  0%| F|  |TAMS 0x0000000703200000| PB 0x0000000703200000| Untracked 
|  10|0x0000000703400000, 0x0000000703400000, 0x0000000703600000|  0%| F|  |TAMS 0x0000000703400000| PB 0x0000000703400000| Untracked 
|  11|0x0000000703600000, 0x0000000703600000, 0x0000000703800000|  0%| F|  |TAMS 0x0000000703600000| PB 0x0000000703600000| Untracked 
|  12|0x0000000703800000, 0x0000000703800000, 0x0000000703a00000|  0%| F|  |TAMS 0x0000000703800000| PB 0x0000000703800000| Untracked 
|  13|0x0000000703a00000, 0x0000000703a00000, 0x0000000703c00000|  0%| F|  |TAMS 0x0000000703a00000| PB 0x0000000703a00000| Untracked 
|  14|0x0000000703c00000, 0x0000000703c00000, 0x0000000703e00000|  0%| F|  |TAMS 0x0000000703c00000| PB 0x0000000703c00000| Untracked 
|  15|0x0000000703e00000, 0x0000000703e00000, 0x0000000704000000|  0%| F|  |TAMS 0x0000000703e00000| PB 0x0000000703e00000| Untracked 
|  16|0x0000000704000000, 0x0000000704000000, 0x0000000704200000|  0%| F|  |TAMS 0x0000000704000000| PB 0x0000000704000000| Untracked 
|  17|0x0000000704200000, 0x0000000704200000, 0x0000000704400000|  0%| F|  |TAMS 0x0000000704200000| PB 0x0000000704200000| Untracked 
|  18|0x0000000704400000, 0x0000000704400000, 0x0000000704600000|  0%| F|  |TAMS 0x0000000704400000| PB 0x0000000704400000| Untracked 
|  19|0x0000000704600000, 0x0000000704600000, 0x0000000704800000|  0%| F|  |TAMS 0x0000000704600000| PB 0x0000000704600000| Untracked 
|  20|0x0000000704800000, 0x0000000704800000, 0x0000000704a00000|  0%| F|  |TAMS 0x0000000704800000| PB 0x0000000704800000| Untracked 
|  21|0x0000000704a00000, 0x0000000704a00000, 0x0000000704c00000|  0%| F|  |TAMS 0x0000000704a00000| PB 0x0000000704a00000| Untracked 
|  22|0x0000000704c00000, 0x0000000704c00000, 0x0000000704e00000|  0%| F|  |TAMS 0x0000000704c00000| PB 0x0000000704c00000| Untracked 
|  23|0x0000000704e00000, 0x0000000704e00000, 0x0000000705000000|  0%| F|  |TAMS 0x0000000704e00000| PB 0x0000000704e00000| Untracked 
|  24|0x0000000705000000, 0x0000000705000000, 0x0000000705200000|  0%| F|  |TAMS 0x0000000705000000| PB 0x0000000705000000| Untracked 
|  25|0x0000000705200000, 0x0000000705200000, 0x0000000705400000|  0%| F|  |TAMS 0x0000000705200000| PB 0x0000000705200000| Untracked 
|  26|0x0000000705400000, 0x0000000705400000, 0x0000000705600000|  0%| F|  |TAMS 0x0000000705400000| PB 0x0000000705400000| Untracked 
|  27|0x0000000705600000, 0x0000000705600000, 0x0000000705800000|  0%| F|  |TAMS 0x0000000705600000| PB 0x0000000705600000| Untracked 
|  28|0x0000000705800000, 0x0000000705800000, 0x0000000705a00000|  0%| F|  |TAMS 0x0000000705800000| PB 0x0000000705800000| Untracked 
|  29|0x0000000705a00000, 0x0000000705a00000, 0x0000000705c00000|  0%| F|  |TAMS 0x0000000705a00000| PB 0x0000000705a00000| Untracked 
|  30|0x0000000705c00000, 0x0000000705c00000, 0x0000000705e00000|  0%| F|  |TAMS 0x0000000705c00000| PB 0x0000000705c00000| Untracked 
|  31|0x0000000705e00000, 0x0000000705e00000, 0x0000000706000000|  0%| F|  |TAMS 0x0000000705e00000| PB 0x0000000705e00000| Untracked 
|  32|0x0000000706000000, 0x0000000706000000, 0x0000000706200000|  0%| F|  |TAMS 0x0000000706000000| PB 0x0000000706000000| Untracked 
|  33|0x0000000706200000, 0x0000000706200000, 0x0000000706400000|  0%| F|  |TAMS 0x0000000706200000| PB 0x0000000706200000| Untracked 
|  34|0x0000000706400000, 0x0000000706400000, 0x0000000706600000|  0%| F|  |TAMS 0x0000000706400000| PB 0x0000000706400000| Untracked 
|  35|0x0000000706600000, 0x0000000706600000, 0x0000000706800000|  0%| F|  |TAMS 0x0000000706600000| PB 0x0000000706600000| Untracked 
|  36|0x0000000706800000, 0x0000000706800000, 0x0000000706a00000|  0%| F|  |TAMS 0x0000000706800000| PB 0x0000000706800000| Untracked 
|  37|0x0000000706a00000, 0x0000000706a00000, 0x0000000706c00000|  0%| F|  |TAMS 0x0000000706a00000| PB 0x0000000706a00000| Untracked 
|  38|0x0000000706c00000, 0x0000000706c00000, 0x0000000706e00000|  0%| F|  |TAMS 0x0000000706c00000| PB 0x0000000706c00000| Untracked 
|  39|0x0000000706e00000, 0x0000000706e00000, 0x0000000707000000|  0%| F|  |TAMS 0x0000000706e00000| PB 0x0000000706e00000| Untracked 
|  40|0x0000000707000000, 0x0000000707000000, 0x0000000707200000|  0%| F|  |TAMS 0x0000000707000000| PB 0x0000000707000000| Untracked 
|  41|0x0000000707200000, 0x0000000707200000, 0x0000000707400000|  0%| F|  |TAMS 0x0000000707200000| PB 0x0000000707200000| Untracked 
|  42|0x0000000707400000, 0x0000000707400000, 0x0000000707600000|  0%| F|  |TAMS 0x0000000707400000| PB 0x0000000707400000| Untracked 
|  43|0x0000000707600000, 0x0000000707600000, 0x0000000707800000|  0%| F|  |TAMS 0x0000000707600000| PB 0x0000000707600000| Untracked 
|  44|0x0000000707800000, 0x0000000707800000, 0x0000000707a00000|  0%| F|  |TAMS 0x0000000707800000| PB 0x0000000707800000| Untracked 
|  45|0x0000000707a00000, 0x0000000707a00000, 0x0000000707c00000|  0%| F|  |TAMS 0x0000000707a00000| PB 0x0000000707a00000| Untracked 
|  46|0x0000000707c00000, 0x0000000707c00000, 0x0000000707e00000|  0%| F|  |TAMS 0x0000000707c00000| PB 0x0000000707c00000| Untracked 
|  47|0x0000000707e00000, 0x0000000707e00000, 0x0000000708000000|  0%| F|  |TAMS 0x0000000707e00000| PB 0x0000000707e00000| Untracked 
|  48|0x0000000708000000, 0x0000000708000000, 0x0000000708200000|  0%| F|  |TAMS 0x0000000708000000| PB 0x0000000708000000| Untracked 
|  49|0x0000000708200000, 0x0000000708200000, 0x0000000708400000|  0%| F|  |TAMS 0x0000000708200000| PB 0x0000000708200000| Untracked 
|  50|0x0000000708400000, 0x0000000708400000, 0x0000000708600000|  0%| F|  |TAMS 0x0000000708400000| PB 0x0000000708400000| Untracked 
|  51|0x0000000708600000, 0x0000000708600000, 0x0000000708800000|  0%| F|  |TAMS 0x0000000708600000| PB 0x0000000708600000| Untracked 
|  52|0x0000000708800000, 0x0000000708800000, 0x0000000708a00000|  0%| F|  |TAMS 0x0000000708800000| PB 0x0000000708800000| Untracked 
|  53|0x0000000708a00000, 0x0000000708a00000, 0x0000000708c00000|  0%| F|  |TAMS 0x0000000708a00000| PB 0x0000000708a00000| Untracked 
|  54|0x0000000708c00000, 0x0000000708c00000, 0x0000000708e00000|  0%| F|  |TAMS 0x0000000708c00000| PB 0x0000000708c00000| Untracked 
|  55|0x0000000708e00000, 0x0000000708e00000, 0x0000000709000000|  0%| F|  |TAMS 0x0000000708e00000| PB 0x0000000708e00000| Untracked 
|  56|0x0000000709000000, 0x0000000709000000, 0x0000000709200000|  0%| F|  |TAMS 0x0000000709000000| PB 0x0000000709000000| Untracked 
|  57|0x0000000709200000, 0x0000000709200000, 0x0000000709400000|  0%| F|  |TAMS 0x0000000709200000| PB 0x0000000709200000| Untracked 
|  58|0x0000000709400000, 0x0000000709400000, 0x0000000709600000|  0%| F|  |TAMS 0x0000000709400000| PB 0x0000000709400000| Untracked 
|  59|0x0000000709600000, 0x0000000709600000, 0x0000000709800000|  0%| F|  |TAMS 0x0000000709600000| PB 0x0000000709600000| Untracked 
|  60|0x0000000709800000, 0x0000000709800000, 0x0000000709a00000|  0%| F|  |TAMS 0x0000000709800000| PB 0x0000000709800000| Untracked 
|  61|0x0000000709a00000, 0x0000000709a00000, 0x0000000709c00000|  0%| F|  |TAMS 0x0000000709a00000| PB 0x0000000709a00000| Untracked 
|  62|0x0000000709c00000, 0x0000000709c00000, 0x0000000709e00000|  0%| F|  |TAMS 0x0000000709c00000| PB 0x0000000709c00000| Untracked 
|  63|0x0000000709e00000, 0x0000000709e00000, 0x000000070a000000|  0%| F|  |TAMS 0x0000000709e00000| PB 0x0000000709e00000| Untracked 
|  64|0x000000070a000000, 0x000000070a000000, 0x000000070a200000|  0%| F|  |TAMS 0x000000070a000000| PB 0x000000070a000000| Untracked 
|  65|0x000000070a200000, 0x000000070a200000, 0x000000070a400000|  0%| F|  |TAMS 0x000000070a200000| PB 0x000000070a200000| Untracked 
|  66|0x000000070a400000, 0x000000070a400000, 0x000000070a600000|  0%| F|  |TAMS 0x000000070a400000| PB 0x000000070a400000| Untracked 
|  67|0x000000070a600000, 0x000000070a600000, 0x000000070a800000|  0%| F|  |TAMS 0x000000070a600000| PB 0x000000070a600000| Untracked 
|  68|0x000000070a800000, 0x000000070a800000, 0x000000070aa00000|  0%| F|  |TAMS 0x000000070a800000| PB 0x000000070a800000| Untracked 
|  69|0x000000070aa00000, 0x000000070aa00000, 0x000000070ac00000|  0%| F|  |TAMS 0x000000070aa00000| PB 0x000000070aa00000| Untracked 
|  70|0x000000070ac00000, 0x000000070ac00000, 0x000000070ae00000|  0%| F|  |TAMS 0x000000070ac00000| PB 0x000000070ac00000| Untracked 
|  71|0x000000070ae00000, 0x000000070ae00000, 0x000000070b000000|  0%| F|  |TAMS 0x000000070ae00000| PB 0x000000070ae00000| Untracked 
|  72|0x000000070b000000, 0x000000070b000000, 0x000000070b200000|  0%| F|  |TAMS 0x000000070b000000| PB 0x000000070b000000| Untracked 
|  73|0x000000070b200000, 0x000000070b200000, 0x000000070b400000|  0%| F|  |TAMS 0x000000070b200000| PB 0x000000070b200000| Untracked 
|  74|0x000000070b400000, 0x000000070b400000, 0x000000070b600000|  0%| F|  |TAMS 0x000000070b400000| PB 0x000000070b400000| Untracked 
|  75|0x000000070b600000, 0x000000070b600000, 0x000000070b800000|  0%| F|  |TAMS 0x000000070b600000| PB 0x000000070b600000| Untracked 
|  76|0x000000070b800000, 0x000000070b800000, 0x000000070ba00000|  0%| F|  |TAMS 0x000000070b800000| PB 0x000000070b800000| Untracked 
|  77|0x000000070ba00000, 0x000000070ba00000, 0x000000070bc00000|  0%| F|  |TAMS 0x000000070ba00000| PB 0x000000070ba00000| Untracked 
|  78|0x000000070bc00000, 0x000000070bc00000, 0x000000070be00000|  0%| F|  |TAMS 0x000000070bc00000| PB 0x000000070bc00000| Untracked 
|  79|0x000000070be00000, 0x000000070be00000, 0x000000070c000000|  0%| F|  |TAMS 0x000000070be00000| PB 0x000000070be00000| Untracked 
|  80|0x000000070c000000, 0x000000070c000000, 0x000000070c200000|  0%| F|  |TAMS 0x000000070c000000| PB 0x000000070c000000| Untracked 
|  81|0x000000070c200000, 0x000000070c200000, 0x000000070c400000|  0%| F|  |TAMS 0x000000070c200000| PB 0x000000070c200000| Untracked 
|  82|0x000000070c400000, 0x000000070c400000, 0x000000070c600000|  0%| F|  |TAMS 0x000000070c400000| PB 0x000000070c400000| Untracked 
|  83|0x000000070c600000, 0x000000070c600000, 0x000000070c800000|  0%| F|  |TAMS 0x000000070c600000| PB 0x000000070c600000| Untracked 
|  84|0x000000070c800000, 0x000000070c800000, 0x000000070ca00000|  0%| F|  |TAMS 0x000000070c800000| PB 0x000000070c800000| Untracked 
|  85|0x000000070ca00000, 0x000000070ca00000, 0x000000070cc00000|  0%| F|  |TAMS 0x000000070ca00000| PB 0x000000070ca00000| Untracked 
|  86|0x000000070cc00000, 0x000000070cc00000, 0x000000070ce00000|  0%| F|  |TAMS 0x000000070cc00000| PB 0x000000070cc00000| Untracked 
|  87|0x000000070ce00000, 0x000000070ce00000, 0x000000070d000000|  0%| F|  |TAMS 0x000000070ce00000| PB 0x000000070ce00000| Untracked 
|  88|0x000000070d000000, 0x000000070d000000, 0x000000070d200000|  0%| F|  |TAMS 0x000000070d000000| PB 0x000000070d000000| Untracked 
|  89|0x000000070d200000, 0x000000070d200000, 0x000000070d400000|  0%| F|  |TAMS 0x000000070d200000| PB 0x000000070d200000| Untracked 
|  90|0x000000070d400000, 0x000000070d400000, 0x000000070d600000|  0%| F|  |TAMS 0x000000070d400000| PB 0x000000070d400000| Untracked 
|  91|0x000000070d600000, 0x000000070d600000, 0x000000070d800000|  0%| F|  |TAMS 0x000000070d600000| PB 0x000000070d600000| Untracked 
|  92|0x000000070d800000, 0x000000070d800000, 0x000000070da00000|  0%| F|  |TAMS 0x000000070d800000| PB 0x000000070d800000| Untracked 
|  93|0x000000070da00000, 0x000000070da00000, 0x000000070dc00000|  0%| F|  |TAMS 0x000000070da00000| PB 0x000000070da00000| Untracked 
|  94|0x000000070dc00000, 0x000000070dc00000, 0x000000070de00000|  0%| F|  |TAMS 0x000000070dc00000| PB 0x000000070dc00000| Untracked 
|  95|0x000000070de00000, 0x000000070de00000, 0x000000070e000000|  0%| F|  |TAMS 0x000000070de00000| PB 0x000000070de00000| Untracked 
|  96|0x000000070e000000, 0x000000070e000000, 0x000000070e200000|  0%| F|  |TAMS 0x000000070e000000| PB 0x000000070e000000| Untracked 
|  97|0x000000070e200000, 0x000000070e200000, 0x000000070e400000|  0%| F|  |TAMS 0x000000070e200000| PB 0x000000070e200000| Untracked 
|  98|0x000000070e400000, 0x000000070e400000, 0x000000070e600000|  0%| F|  |TAMS 0x000000070e400000| PB 0x000000070e400000| Untracked 
|  99|0x000000070e600000, 0x000000070e600000, 0x000000070e800000|  0%| F|  |TAMS 0x000000070e600000| PB 0x000000070e600000| Untracked 
| 100|0x000000070e800000, 0x000000070e800000, 0x000000070ea00000|  0%| F|  |TAMS 0x000000070e800000| PB 0x000000070e800000| Untracked 
| 101|0x000000070ea00000, 0x000000070ea00000, 0x000000070ec00000|  0%| F|  |TAMS 0x000000070ea00000| PB 0x000000070ea00000| Untracked 
| 102|0x000000070ec00000, 0x000000070ec00000, 0x000000070ee00000|  0%| F|  |TAMS 0x000000070ec00000| PB 0x000000070ec00000| Untracked 
| 103|0x000000070ee00000, 0x000000070ee00000, 0x000000070f000000|  0%| F|  |TAMS 0x000000070ee00000| PB 0x000000070ee00000| Untracked 
| 104|0x000000070f000000, 0x000000070f000000, 0x000000070f200000|  0%| F|  |TAMS 0x000000070f000000| PB 0x000000070f000000| Untracked 
| 105|0x000000070f200000, 0x000000070f200000, 0x000000070f400000|  0%| F|  |TAMS 0x000000070f200000| PB 0x000000070f200000| Untracked 
| 106|0x000000070f400000, 0x000000070f400000, 0x000000070f600000|  0%| F|  |TAMS 0x000000070f400000| PB 0x000000070f400000| Untracked 
| 107|0x000000070f600000, 0x000000070f600000, 0x000000070f800000|  0%| F|  |TAMS 0x000000070f600000| PB 0x000000070f600000| Untracked 
| 108|0x000000070f800000, 0x000000070f800000, 0x000000070fa00000|  0%| F|  |TAMS 0x000000070f800000| PB 0x000000070f800000| Untracked 
| 109|0x000000070fa00000, 0x000000070fa00000, 0x000000070fc00000|  0%| F|  |TAMS 0x000000070fa00000| PB 0x000000070fa00000| Untracked 
| 110|0x000000070fc00000, 0x000000070fc00000, 0x000000070fe00000|  0%| F|  |TAMS 0x000000070fc00000| PB 0x000000070fc00000| Untracked 
| 111|0x000000070fe00000, 0x000000070fe00000, 0x0000000710000000|  0%| F|  |TAMS 0x000000070fe00000| PB 0x000000070fe00000| Untracked 
| 112|0x0000000710000000, 0x0000000710000000, 0x0000000710200000|  0%| F|  |TAMS 0x0000000710000000| PB 0x0000000710000000| Untracked 
| 113|0x0000000710200000, 0x0000000710200000, 0x0000000710400000|  0%| F|  |TAMS 0x0000000710200000| PB 0x0000000710200000| Untracked 
| 114|0x0000000710400000, 0x0000000710600000, 0x0000000710600000|100%| S|CS|TAMS 0x0000000710400000| PB 0x0000000710400000| Complete 
| 115|0x0000000710600000, 0x0000000710800000, 0x0000000710800000|100%| S|CS|TAMS 0x0000000710600000| PB 0x0000000710600000| Complete 
| 116|0x0000000710800000, 0x0000000710800000, 0x0000000710a00000|  0%| F|  |TAMS 0x0000000710800000| PB 0x0000000710800000| Untracked 
| 117|0x0000000710a00000, 0x0000000710a00000, 0x0000000710c00000|  0%| F|  |TAMS 0x0000000710a00000| PB 0x0000000710a00000| Untracked 
| 118|0x0000000710c00000, 0x0000000710c00000, 0x0000000710e00000|  0%| F|  |TAMS 0x0000000710c00000| PB 0x0000000710c00000| Untracked 
| 119|0x0000000710e00000, 0x0000000710e00000, 0x0000000711000000|  0%| F|  |TAMS 0x0000000710e00000| PB 0x0000000710e00000| Untracked 
| 120|0x0000000711000000, 0x0000000711000000, 0x0000000711200000|  0%| F|  |TAMS 0x0000000711000000| PB 0x0000000711000000| Untracked 
| 121|0x0000000711200000, 0x0000000711200000, 0x0000000711400000|  0%| F|  |TAMS 0x0000000711200000| PB 0x0000000711200000| Untracked 
| 122|0x0000000711400000, 0x00000007115539f0, 0x0000000711600000| 66%| E|  |TAMS 0x0000000711400000| PB 0x0000000711400000| Complete 
| 123|0x0000000711600000, 0x0000000711800000, 0x0000000711800000|100%| E|CS|TAMS 0x0000000711600000| PB 0x0000000711600000| Complete 
| 124|0x0000000711800000, 0x0000000711a00000, 0x0000000711a00000|100%| E|CS|TAMS 0x0000000711800000| PB 0x0000000711800000| Complete 
| 125|0x0000000711a00000, 0x0000000711c00000, 0x0000000711c00000|100%| E|CS|TAMS 0x0000000711a00000| PB 0x0000000711a00000| Complete 
| 126|0x0000000711c00000, 0x0000000711e00000, 0x0000000711e00000|100%| E|CS|TAMS 0x0000000711c00000| PB 0x0000000711c00000| Complete 

Card table byte_map: [0x000001d450460000,0x000001d450c50000] _byte_map_base: 0x000001d44cc50000

Marking Bits: (CMBitMap*) 0x000001d437fe4c80
 Bits: [0x000001d450c50000, 0x000001d454bd0000)

Polling page: 0x000001d437740000

Metaspace:

Usage:
  Non-class:     10.49 MB used.
      Class:      1.42 MB used.
       Both:     11.91 MB used.

Virtual space:
  Non-class space:       64.00 MB reserved,      10.69 MB ( 17%) committed,  1 nodes.
      Class space:        1.00 GB reserved,       1.50 MB ( <1%) committed,  1 nodes.
             Both:        1.06 GB reserved,      12.19 MB (  1%) committed. 

Chunk freelists:
   Non-Class:  5.30 MB
       Class:  14.38 MB
        Both:  19.67 MB

MaxMetaspaceSize: unlimited
CompressedClassSpaceSize: 1.00 GB
Initial GC threshold: 21.00 MB
Current GC threshold: 21.00 MB
CDS: on
 - commit_granule_bytes: 65536.
 - commit_granule_words: 8192.
 - virtual_space_node_default_size: 8388608.
 - enlarge_chunks_in_place: 1.
 - use_allocation_guard: 0.


Internal statistics:

num_allocs_failed_limit: 0.
num_arena_births: 328.
num_arena_deaths: 0.
num_vsnodes_births: 2.
num_vsnodes_deaths: 0.
num_space_committed: 195.
num_space_uncommitted: 0.
num_chunks_returned_to_freelist: 0.
num_chunks_taken_from_freelist: 617.
num_chunk_merges: 0.
num_chunk_splits: 360.
num_chunks_enlarged: 195.
num_inconsistent_stats: 0.

CodeHeap 'non-profiled nmethods': size=119168Kb used=549Kb max_used=549Kb free=118619Kb
 bounds [0x000001d447f90000, 0x000001d448200000, 0x000001d44f3f0000]
CodeHeap 'profiled nmethods': size=119104Kb used=3774Kb max_used=3774Kb free=115329Kb
 bounds [0x000001d4403f0000, 0x000001d4407a0000, 0x000001d447840000]
CodeHeap 'non-nmethods': size=7488Kb used=3142Kb max_used=3184Kb free=4345Kb
 bounds [0x000001d447840000, 0x000001d447b60000, 0x000001d447f90000]
 total_blobs=2469 nmethods=1927 adapters=443
 compilation: enabled
              stopped_count=0, restarted_count=0
 full_count=0

Compilation events (20 events):
Event: 1.933 Thread 0x000001d457c78b40 nmethod 1919 0x000001d440798d10 code [0x000001d440798ee0, 0x000001d440799248]
Event: 1.934 Thread 0x000001d457c78b40 1921       3       org.openqa.selenium.json.JsonOutput$$Lambda/0x000001d459113080::accept (9 bytes)
Event: 1.934 Thread 0x000001d49d1317e0 1922       3       org.openqa.selenium.json.JsonOutput::lambda$asString$34 (37 bytes)
Event: 1.934 Thread 0x000001d457c78b40 nmethod 1921 0x000001d440799390 code [0x000001d440799540, 0x000001d440799680]
Event: 1.934 Thread 0x000001d49d11a8a0 nmethod 1917 0x000001d440799710 code [0x000001d440799bc0, 0x000001d44079c1a8]
Event: 1.934 Thread 0x000001d457c78b40 1923       3       java.net.URI$Parser::at (23 bytes)
Event: 1.934 Thread 0x000001d49d1317e0 nmethod 1922 0x000001d44079ce10 code [0x000001d44079d040, 0x000001d44079d7b0]
Event: 1.934 Thread 0x000001d49d1317e0 1924       3       java.lang.CharacterData::of (136 bytes)
Event: 1.934 Thread 0x000001d49d1317e0 nmethod 1924 0x000001d44079da90 code [0x000001d44079dcc0, 0x000001d44079e590]
Event: 1.934 Thread 0x000001d457c78b40 nmethod 1923 0x000001d44079e790 code [0x000001d44079e980, 0x000001d44079efb0]
Event: 1.935 Thread 0x000001d457c78b40 1925       1       java.util.TreeMap::size (5 bytes)
Event: 1.935 Thread 0x000001d457c78b40 nmethod 1925 0x000001d448015010 code [0x000001d4480151a0, 0x000001d448015268]
Event: 1.935 Thread 0x000001d457c78b40 1926       3       java.util.TreeMap$PrivateEntryIterator::hasNext (13 bytes)
Event: 1.935 Thread 0x000001d457c78b40 nmethod 1926 0x000001d44079f290 code [0x000001d44079f420, 0x000001d44079f590]
Event: 1.935 Thread 0x000001d49d1317e0 1927       3       java.util.concurrent.atomic.AtomicLong::incrementAndGet (14 bytes)
Event: 1.935 Thread 0x000001d49d1317e0 nmethod 1927 0x000001d44079f610 code [0x000001d44079f7a0, 0x000001d44079f8c8]
Event: 1.940 Thread 0x000001d457c77030 nmethod 1915 0x000001d448015310 code [0x000001d4480154c0, 0x000001d448015bb0]
Event: 1.940 Thread 0x000001d457c77030 1928       4       java.util.concurrent.locks.AbstractQueuedSynchronizer::release (19 bytes)
Event: 1.941 Thread 0x000001d457c77030 nmethod 1928 0x000001d448015f10 code [0x000001d4480160c0, 0x000001d448016370]
Event: 1.941 Thread 0x000001d49e163380 nmethod 1903 0x000001d448016510 code [0x000001d448016820, 0x000001d448018668]

GC Heap History (2 events):
Event: 0.682 GC heap before
{Heap before GC invocations=0 (full 0):
 garbage-first heap   total 260096K, used 22528K [0x0000000702000000, 0x0000000800000000)
  region size 2048K, 11 young (22528K), 0 survivors (0K)
 Metaspace       used 8897K, committed 9152K, reserved 1114112K
  class space    used 1000K, committed 1152K, reserved 1048576K
}
Event: 0.685 GC heap after
{Heap after GC invocations=1 (full 0):
 garbage-first heap   total 260096K, used 5215K [0x0000000702000000, 0x0000000800000000)
  region size 2048K, 2 young (4096K), 2 survivors (4096K)
 Metaspace       used 8897K, committed 9152K, reserved 1114112K
  class space    used 1000K, committed 1152K, reserved 1048576K
}

Dll operation events (8 events):
Event: 0.005 Loaded shared library C:\Program Files\Java\jdk-21\bin\java.dll
Event: 0.027 Loaded shared library C:\Program Files\Java\jdk-21\bin\jsvml.dll
Event: 0.054 Loaded shared library C:\Program Files\Java\jdk-21\bin\net.dll
Event: 0.056 Loaded shared library C:\Program Files\Java\jdk-21\bin\nio.dll
Event: 0.057 Loaded shared library C:\Program Files\Java\jdk-21\bin\zip.dll
Event: 0.101 Loaded shared library C:\Program Files\Java\jdk-21\bin\jimage.dll
Event: 0.129 Loaded shared library C:\Program Files\Java\jdk-21\bin\extnet.dll
Event: 0.641 Loaded shared library C:\Program Files\Java\jdk-21\bin\sunmscapi.dll

Deoptimization events (20 events):
Event: 0.779 Thread 0x000001d49e0aa1a0 DEOPT PACKING pc=0x000001d448003e5c sp=0x000000ae8dffdb40
Event: 0.779 Thread 0x000001d49e0aa1a0 DEOPT UNPACKING pc=0x000001d4478946a2 sp=0x000000ae8dffdab8 mode 2
Event: 0.779 Thread 0x000001d49e0aa1a0 Uncommon trap: trap_request=0xffffffde fr.pc=0x000001d448003e5c relative=0x000000000000013c
Event: 0.779 Thread 0x000001d49e0aa1a0 Uncommon trap: reason=class_check action=maybe_recompile pc=0x000001d448003e5c method=jdk.internal.misc.Unsafe.allocateUninitializedArray(Ljava/lang/Class;I)Ljava/lang/Object; @ 51 c2
Event: 0.779 Thread 0x000001d49e0aa1a0 DEOPT PACKING pc=0x000001d448003e5c sp=0x000000ae8dffdae0
Event: 0.779 Thread 0x000001d49e0aa1a0 DEOPT UNPACKING pc=0x000001d4478946a2 sp=0x000000ae8dffda58 mode 2
Event: 1.858 Thread 0x000001d435d0fa70 Uncommon trap: trap_request=0xffffffde fr.pc=0x000001d447fe1848 relative=0x0000000000000608
Event: 1.858 Thread 0x000001d435d0fa70 Uncommon trap: reason=class_check action=maybe_recompile pc=0x000001d447fe1848 method=java.util.HashMap.putVal(ILjava/lang/Object;Ljava/lang/Object;ZZ)Ljava/lang/Object; @ 253 c2
Event: 1.858 Thread 0x000001d435d0fa70 DEOPT PACKING pc=0x000001d447fe1848 sp=0x000000ae8b7fe120
Event: 1.858 Thread 0x000001d435d0fa70 DEOPT UNPACKING pc=0x000001d4478946a2 sp=0x000000ae8b7fe0c0 mode 2
Event: 1.906 Thread 0x000001d435d0fa70 DEOPT PACKING pc=0x000001d440433b49 sp=0x000000ae8b7fd5f0
Event: 1.906 Thread 0x000001d435d0fa70 DEOPT UNPACKING pc=0x000001d447894e42 sp=0x000000ae8b7fca68 mode 0
Event: 1.913 Thread 0x000001d435d0fa70 DEOPT PACKING pc=0x000001d440444905 sp=0x000000ae8b7fd5b0
Event: 1.913 Thread 0x000001d435d0fa70 DEOPT UNPACKING pc=0x000001d447894e42 sp=0x000000ae8b7fca20 mode 0
Event: 1.916 Thread 0x000001d435d0fa70 DEOPT PACKING pc=0x000001d440444905 sp=0x000000ae8b7fd3a0
Event: 1.916 Thread 0x000001d435d0fa70 DEOPT UNPACKING pc=0x000001d447894e42 sp=0x000000ae8b7fc810 mode 0
Event: 1.922 Thread 0x000001d435d0fa70 Uncommon trap: trap_request=0xffffff45 fr.pc=0x000001d447fd67d4 relative=0x0000000000000054
Event: 1.922 Thread 0x000001d435d0fa70 Uncommon trap: reason=unstable_if action=reinterpret pc=0x000001d447fd67d4 method=java.lang.CharacterData.of(I)Ljava/lang/CharacterData; @ 4 c2
Event: 1.922 Thread 0x000001d435d0fa70 DEOPT PACKING pc=0x000001d447fd67d4 sp=0x000000ae8b7fdc90
Event: 1.922 Thread 0x000001d435d0fa70 DEOPT UNPACKING pc=0x000001d4478946a2 sp=0x000000ae8b7fdc30 mode 2

Classes loaded (20 events):
Event: 1.923 Loading class java/util/ResourceBundle$CacheKeyReference done
Event: 1.923 Loading class java/util/ResourceBundle$KeyElementReference done
Event: 1.924 Loading class java/util/ResourceBundle$3
Event: 1.924 Loading class java/util/ResourceBundle$3 done
Event: 1.924 Loading class sun/util/logging/resources/logging
Event: 1.924 Loading class sun/util/logging/resources/logging done
Event: 1.924 Loading class java/util/ResourceBundle$BundleReference
Event: 1.924 Loading class java/util/ResourceBundle$BundleReference done
Event: 1.924 Loading class sun/util/logging/resources/logging_en
Event: 1.924 Loading class sun/util/logging/resources/logging_en done
Event: 1.924 Loading class sun/util/logging/resources/logging_en
Event: 1.924 Loading class sun/util/logging/resources/logging_en done
Event: 1.925 Loading class sun/util/logging/resources/logging_en_IN
Event: 1.925 Loading class sun/util/logging/resources/logging_en_IN done
Event: 1.925 Loading class sun/util/logging/resources/logging_en_IN
Event: 1.925 Loading class sun/util/logging/resources/logging_en_IN done
Event: 1.925 Loading class java/util/Formatter$DateTime
Event: 1.925 Loading class java/util/Formatter$DateTime done
Event: 1.925 Loading class java/time/ZonedDateTime$1
Event: 1.925 Loading class java/time/ZonedDateTime$1 done

Classes unloaded (0 events):
No events

Classes redefined (0 events):
No events

Internal exceptions (20 events):
Event: 0.514 Thread 0x000001d435d0fa70 Exception <a 'java/lang/NoSuchMethodError'{0x000000071101e3c8}: 'java.lang.Object java.lang.invoke.Invokers$Holder.invokeExact_MT(java.lang.Object, java.lang.Object, java.lang.Object, java.lang.Object, java.lang.Object, java.lang.Object)'> (0x000000071101e3c8) 
thrown [s\open\src\hotspot\share\interpreter\linkResolver.cpp, line 773]
Event: 0.553 Thread 0x000001d435d0fa70 Exception <a 'sun/nio/fs/WindowsException'{0x00000007111348d8}> (0x00000007111348d8) 
thrown [s\open\src\hotspot\share\prims\jni.cpp, line 520]
Event: 0.586 Thread 0x000001d435d0fa70 Exception <a 'java/lang/NoSuchMethodError'{0x0000000710f651c8}: 'void java.lang.invoke.DirectMethodHandle$Holder.invokeVirtual(java.lang.Object, java.lang.Object)'> (0x0000000710f651c8) 
thrown [s\open\src\hotspot\share\interpreter\linkResolver.cpp, line 773]
Event: 0.616 Thread 0x000001d435d0fa70 Exception <a 'java/lang/NoSuchMethodError'{0x0000000710b6bfa0}: 'java.lang.Object java.lang.invoke.DirectMethodHandle$Holder.invokeStaticInit(java.lang.Object, int, int, int, int)'> (0x0000000710b6bfa0) 
thrown [s\open\src\hotspot\share\interpreter\linkResolver.cpp, line 773]
Event: 0.625 Thread 0x000001d435d0fa70 Exception <a 'java/lang/NoSuchMethodError'{0x0000000710bba3e0}: 'java.lang.Object java.lang.invoke.DirectMethodHandle$Holder.invokeStaticInit(java.lang.Object, java.lang.Object, int, int, int, int)'> (0x0000000710bba3e0) 
thrown [s\open\src\hotspot\share\interpreter\linkResolver.cpp, line 773]
Event: 0.673 Thread 0x000001d435d0fa70 Exception <a 'java/lang/NoSuchMethodError'{0x0000000710945048}: 'java.lang.Object java.lang.invoke.DirectMethodHandle$Holder.invokeInterface(java.lang.Object, java.lang.Object, java.lang.Object)'> (0x0000000710945048) 
thrown [s\open\src\hotspot\share\interpreter\linkResolver.cpp, line 773]
Event: 0.673 Thread 0x000001d435d0fa70 Exception <a 'java/lang/IncompatibleClassChangeError'{0x0000000710948430}: Found class java.lang.Object, but interface was expected> (0x0000000710948430) 
thrown [s\open\src\hotspot\share\interpreter\linkResolver.cpp, line 840]
Event: 0.674 Thread 0x000001d435d0fa70 Exception <a 'java/lang/NoSuchMethodError'{0x000000071094f5e8}: 'int java.lang.invoke.DirectMethodHandle$Holder.invokeSpecialIFC(java.lang.Object, java.lang.Object, java.lang.Object, java.lang.Object)'> (0x000000071094f5e8) 
thrown [s\open\src\hotspot\share\interpreter\linkResolver.cpp, line 773]
Event: 0.677 Thread 0x000001d435d0fa70 Exception <a 'java/lang/NoSuchMethodError'{0x00000007109716b0}: 'java.lang.Object java.lang.invoke.DirectMethodHandle$Holder.invokeVirtual(java.lang.Object, java.lang.Object, java.lang.Object, java.lang.Object)'> (0x00000007109716b0) 
thrown [s\open\src\hotspot\share\interpreter\linkResolver.cpp, line 773]
Event: 0.692 Thread 0x000001d49e00a3e0 Exception <a 'java/net/ConnectException'{0x0000000711ce8588}: Connection refused: getsockopt> (0x0000000711ce8588) 
thrown [s\open\src\hotspot\share\prims\jni.cpp, line 539]
Event: 0.733 Thread 0x000001d435d0fa70 Exception <a 'java/lang/NoSuchMethodError'{0x0000000711a01d78}: 'java.lang.Object java.lang.invoke.DirectMethodHandle$Holder.newInvokeSpecial(java.lang.Object, java.lang.Object, int, int)'> (0x0000000711a01d78) 
thrown [s\open\src\hotspot\share\interpreter\linkResolver.cpp, line 773]
Event: 0.733 Thread 0x000001d435d0fa70 Exception <a 'java/lang/NoSuchMethodError'{0x0000000711a0c028}: 'void java.lang.invoke.DirectMethodHandle$Holder.invokeStatic(java.lang.Object, java.lang.Object, int)'> (0x0000000711a0c028) 
thrown [s\open\src\hotspot\share\interpreter\linkResolver.cpp, line 773]
Event: 0.740 Thread 0x000001d435d0fa70 Exception <a 'java/lang/NoSuchMethodError'{0x0000000711a84eb0}: 'java.lang.Object java.lang.invoke.DirectMethodHandle$Holder.newInvokeSpecial(java.lang.Object, java.lang.Object, java.lang.Object, java.lang.Object, java.lang.Object)'> (0x0000000711a84eb0) 
thrown [s\open\src\hotspot\share\interpreter\linkResolver.cpp, line 773]
Event: 0.761 Thread 0x000001d49e0aa1a0 Exception <a 'java/lang/NoSuchMethodError'{0x0000000711bc00a8}: 'java.lang.Object java.lang.invoke.DirectMethodHandle$Holder.invokeSpecial(java.lang.Object, java.lang.Object, java.lang.Object, java.lang.Object, int)'> (0x0000000711bc00a8) 
thrown [s\open\src\hotspot\share\interpreter\linkResolver.cpp, line 773]
Event: 0.762 Thread 0x000001d49e0aa1a0 Exception <a 'java/lang/NoSuchMethodError'{0x0000000711bc39f0}: 'java.lang.Object java.lang.invoke.Invokers$Holder.linkToTargetMethod(java.lang.Object, java.lang.Object, int, java.lang.Object)'> (0x0000000711bc39f0) 
thrown [s\open\src\hotspot\share\interpreter\linkResolver.cpp, line 773]
Event: 0.765 Thread 0x000001d49e0aa1a0 Exception <a 'java/lang/NoSuchMethodError'{0x0000000711bdb290}: 'void java.lang.invoke.DirectMethodHandle$Holder.invokeSpecial(java.lang.Object, java.lang.Object, java.lang.Object)'> (0x0000000711bdb290) 
thrown [s\open\src\hotspot\share\interpreter\linkResolver.cpp, line 773]
Event: 0.770 Thread 0x000001d49e0aa1a0 Exception <a 'java/lang/NoSuchMethodError'{0x00000007118073e8}: 'void java.lang.invoke.DirectMethodHandle$Holder.invokeSpecial(java.lang.Object, java.lang.Object, java.lang.Object, java.lang.Object, java.lang.Object)'> (0x00000007118073e8) 
thrown [s\open\src\hotspot\share\interpreter\linkResolver.cpp, line 773]
Event: 1.850 Thread 0x000001d49e0aa1a0 Exception <a 'java/lang/NoSuchMethodError'{0x00000007118dc0b0}: 'void java.lang.invoke.DirectMethodHandle$Holder.invokeSpecial(java.lang.Object, java.lang.Object, java.lang.Object, java.lang.Object, java.lang.Object, java.lang.Object, java.lang.Object)'> (0x00000007118dc0b0) 
thrown [s\open\src\hotspot\share\interpreter\linkResolver.cpp, line 773]
Event: 1.856 Thread 0x000001d435d0fa70 Exception <a 'java/lang/NoSuchMethodError'{0x000000071190e578}: 'java.lang.Object java.lang.invoke.DirectMethodHandle$Holder.invokeSpecialIFC(java.lang.Object, java.lang.Object, java.lang.Object)'> (0x000000071190e578) 
thrown [s\open\src\hotspot\share\interpreter\linkResolver.cpp, line 773]
Event: 1.924 Thread 0x000001d435d0fa70 Exception <a 'java/lang/ClassNotFoundException'{0x00000007114bb870}: sun/util/logging/resources/spi/loggingProvider> (0x00000007114bb870) 
thrown [s\open\src\hotspot\share\classfile\systemDictionary.cpp, line 312]

ZGC Phase Switch (0 events):
No events

VM Operations (20 events):
Event: 0.583 Executing VM operation: HandshakeAllThreads (Deoptimize)
Event: 0.583 Executing VM operation: HandshakeAllThreads (Deoptimize) done
Event: 0.630 Executing VM operation: HandshakeAllThreads (Deoptimize)
Event: 0.630 Executing VM operation: HandshakeAllThreads (Deoptimize) done
Event: 0.639 Executing VM operation: ICBufferFull
Event: 0.639 Executing VM operation: ICBufferFull done
Event: 0.681 Executing VM operation: HandshakeAllThreads (Deoptimize)
Event: 0.681 Executing VM operation: HandshakeAllThreads (Deoptimize) done
Event: 0.682 Executing VM operation: G1CollectForAllocation (G1 Evacuation Pause)
Event: 0.686 Executing VM operation: G1CollectForAllocation (G1 Evacuation Pause) done
Event: 0.718 Executing VM operation: HandshakeAllThreads (Deoptimize)
Event: 0.718 Executing VM operation: HandshakeAllThreads (Deoptimize) done
Event: 1.723 Executing VM operation: Cleanup
Event: 1.723 Executing VM operation: Cleanup done
Event: 1.843 Executing VM operation: HandshakeAllThreads (Deoptimize)
Event: 1.843 Executing VM operation: HandshakeAllThreads (Deoptimize) done
Event: 1.844 Executing VM operation: HandshakeAllThreads (Deoptimize)
Event: 1.844 Executing VM operation: HandshakeAllThreads (Deoptimize) done
Event: 1.921 Executing VM operation: HandshakeAllThreads (Deoptimize)
Event: 1.921 Executing VM operation: HandshakeAllThreads (Deoptimize) done

Events (20 events):
Event: 0.431 Thread 0x000001d49d300210 Thread exited: 0x000001d49d300210
Event: 0.435 Thread 0x000001d49d540b30 Thread exited: 0x000001d49d540b30
Event: 0.475 Thread 0x000001d49d658650 Thread added: 0x000001d49d658650
Event: 0.539 Thread 0x000001d49d6c1d10 Thread added: 0x000001d49d6c1d10
Event: 0.662 Thread 0x000001d49d767410 Thread added: 0x000001d49d767410
Event: 0.680 Thread 0x000001d49d93a560 Thread added: 0x000001d49d93a560
Event: 0.681 Thread 0x000001d49d93afe0 Thread added: 0x000001d49d93afe0
Event: 0.686 Thread 0x000001d49d69de60 Thread added: 0x000001d49d69de60
Event: 0.688 Thread 0x000001d49e00a3e0 Thread added: 0x000001d49e00a3e0
Event: 0.717 Thread 0x000001d49da2e0e0 Thread added: 0x000001d49da2e0e0
Event: 0.756 Thread 0x000001d49e0aa1a0 Thread added: 0x000001d49e0aa1a0
Event: 0.777 Thread 0x000001d49e0a8760 Thread added: 0x000001d49e0a8760
Event: 0.777 Thread 0x000001d49e0a80d0 Thread added: 0x000001d49e0a80d0
Event: 1.843 Thread 0x000001d49d6c1d10 Thread exited: 0x000001d49d6c1d10
Event: 1.878 Thread 0x000001d49e0a9480 Thread added: 0x000001d49e0a9480
Event: 1.879 Thread 0x000001d49e0a8df0 Thread added: 0x000001d49e0a8df0
Event: 1.880 Thread 0x000001d49e0aa830 Thread added: 0x000001d49e0aa830
Event: 1.880 Thread 0x000001d49e0aaec0 Thread added: 0x000001d49e0aaec0
Event: 1.917 Thread 0x000001d49e163380 Thread added: 0x000001d49e163380
Event: 1.920 Thread 0x000001d49e18b0d0 Thread added: 0x000001d49e18b0d0


Dynamic libraries:
0x00007ff741b40000 - 0x00007ff741b50000 	C:\Program Files\Java\jdk-21\bin\javaw.exe
0x00007ff8fdb30000 - 0x00007ff8fdd47000 	C:\Windows\SYSTEM32\ntdll.dll
0x00007ff8fc7e0000 - 0x00007ff8fc8a4000 	C:\Windows\System32\KERNEL32.DLL
0x00007ff8fb480000 - 0x00007ff8fb82d000 	C:\Windows\System32\KERNELBASE.dll
0x00007ff8fb200000 - 0x00007ff8fb311000 	C:\Windows\System32\ucrtbase.dll
0x00007ff8f7af0000 - 0x00007ff8f7b09000 	C:\Program Files\Java\jdk-21\bin\jli.dll
0x00007ff8e9e80000 - 0x00007ff8e9e9b000 	C:\Program Files\Java\jdk-21\bin\VCRUNTIME140.dll
0x00007ff8fbeb0000 - 0x00007ff8fbf62000 	C:\Windows\System32\ADVAPI32.dll
0x00007ff8fd590000 - 0x00007ff8fd637000 	C:\Windows\System32\msvcrt.dll
0x00007ff8fc3f0000 - 0x00007ff8fc499000 	C:\Windows\System32\sechost.dll
0x00007ff8fb320000 - 0x00007ff8fb348000 	C:\Windows\System32\bcrypt.dll
0x00007ff8fd470000 - 0x00007ff8fd584000 	C:\Windows\System32\RPCRT4.dll
0x00007ff8fbc60000 - 0x00007ff8fbe0e000 	C:\Windows\System32\USER32.dll
0x00007ff8fb830000 - 0x00007ff8fb856000 	C:\Windows\System32\win32u.dll
0x00007ff8e8ef0000 - 0x00007ff8e9183000 	C:\Windows\WinSxS\amd64_microsoft.windows.common-controls_6595b64144ccf1df_6.0.22621.3672_none_2713b9d173822955\COMCTL32.dll
0x00007ff8fc4a0000 - 0x00007ff8fc4c9000 	C:\Windows\System32\GDI32.dll
0x00007ff8fae50000 - 0x00007ff8faf69000 	C:\Windows\System32\gdi32full.dll
0x00007ff8faf70000 - 0x00007ff8fb00a000 	C:\Windows\System32\msvcp_win.dll
0x00007ff8f5210000 - 0x00007ff8f521a000 	C:\Windows\SYSTEM32\VERSION.dll
0x00007ff8fd6c0000 - 0x00007ff8fd6f1000 	C:\Windows\System32\IMM32.DLL
0x00007ff8f5bd0000 - 0x00007ff8f5bdc000 	C:\Program Files\Java\jdk-21\bin\vcruntime140_1.dll
0x00007ff8e9d40000 - 0x00007ff8e9dce000 	C:\Program Files\Java\jdk-21\bin\msvcp140.dll
0x00007ff8737a0000 - 0x00007ff8744b3000 	C:\Program Files\Java\jdk-21\bin\server\jvm.dll
0x00007ff8fd640000 - 0x00007ff8fd6b1000 	C:\Windows\System32\WS2_32.dll
0x00007ff8fa140000 - 0x00007ff8fa18d000 	C:\Windows\SYSTEM32\POWRPROF.dll
0x00007ff8f1b90000 - 0x00007ff8f1bc4000 	C:\Windows\SYSTEM32\WINMM.dll
0x00007ff8fa0c0000 - 0x00007ff8fa0d3000 	C:\Windows\SYSTEM32\UMPDC.dll
0x00007ff8f9e40000 - 0x00007ff8f9e58000 	C:\Windows\SYSTEM32\kernel.appcore.dll
0x00007ff8ea030000 - 0x00007ff8ea03a000 	C:\Program Files\Java\jdk-21\bin\jimage.dll
0x00007ff8f0f80000 - 0x00007ff8f11b2000 	C:\Windows\SYSTEM32\DBGHELP.DLL
0x00007ff8fd760000 - 0x00007ff8fdaed000 	C:\Windows\System32\combase.dll
0x00007ff8fcaa0000 - 0x00007ff8fcb77000 	C:\Windows\System32\OLEAUT32.dll
0x00007ff8e91c0000 - 0x00007ff8e91f2000 	C:\Windows\SYSTEM32\dbgcore.DLL
0x00007ff8fb180000 - 0x00007ff8fb1fb000 	C:\Windows\System32\bcryptPrimitives.dll
0x00007ff8e9e60000 - 0x00007ff8e9e7f000 	C:\Program Files\Java\jdk-21\bin\java.dll
0x00007ff8fcc00000 - 0x00007ff8fd468000 	C:\Windows\System32\SHELL32.dll
0x00007ff8f8d50000 - 0x00007ff8f964e000 	C:\Windows\SYSTEM32\windows.storage.dll
0x00007ff8f8c10000 - 0x00007ff8f8d4f000 	C:\Windows\SYSTEM32\wintypes.dll
0x00007ff8fb910000 - 0x00007ff8fba09000 	C:\Windows\System32\SHCORE.dll
0x00007ff8fbbe0000 - 0x00007ff8fbc3e000 	C:\Windows\System32\shlwapi.dll
0x00007ff8fad80000 - 0x00007ff8fada1000 	C:\Windows\SYSTEM32\profapi.dll
0x00007ff8d2880000 - 0x00007ff8d2957000 	C:\Program Files\Java\jdk-21\bin\jsvml.dll
0x00007ff8e9ef0000 - 0x00007ff8e9f00000 	C:\Program Files\Java\jdk-21\bin\net.dll
0x00007ff8f5690000 - 0x00007ff8f57c6000 	C:\Windows\SYSTEM32\WINHTTP.dll
0x00007ff8fa390000 - 0x00007ff8fa3f9000 	C:\Windows\system32\mswsock.dll
0x00007ff8e9e40000 - 0x00007ff8e9e56000 	C:\Program Files\Java\jdk-21\bin\nio.dll
0x00007ff8e9d20000 - 0x00007ff8e9d38000 	C:\Program Files\Java\jdk-21\bin\zip.dll
0x00007ff8e9e30000 - 0x00007ff8e9e39000 	C:\Program Files\Java\jdk-21\bin\extnet.dll
0x00007ff8f9920000 - 0x00007ff8f9a18000 	C:\Windows\SYSTEM32\DNSAPI.dll
0x00007ff8f98b0000 - 0x00007ff8f98dd000 	C:\Windows\SYSTEM32\IPHLPAPI.DLL
0x00007ff8fba10000 - 0x00007ff8fba19000 	C:\Windows\System32\NSI.dll
0x00007ff8f4690000 - 0x00007ff8f469a000 	C:\Windows\System32\rasadhlp.dll
0x00007ff8f4a30000 - 0x00007ff8f4ab3000 	C:\Windows\System32\fwpuclnt.dll
0x00007ff8fa6e0000 - 0x00007ff8fa6fb000 	C:\Windows\SYSTEM32\CRYPTSP.dll
0x00007ff8f9da0000 - 0x00007ff8f9dd5000 	C:\Windows\system32\rsaenh.dll
0x00007ff8fa430000 - 0x00007ff8fa458000 	C:\Windows\SYSTEM32\USERENV.dll
0x00007ff8fa6c0000 - 0x00007ff8fa6cc000 	C:\Windows\SYSTEM32\CRYPTBASE.dll
0x00007ff8e9d10000 - 0x00007ff8e9d1e000 	C:\Program Files\Java\jdk-21\bin\sunmscapi.dll
0x00007ff8fb010000 - 0x00007ff8fb177000 	C:\Windows\System32\CRYPT32.dll
0x00007ff8fa7e0000 - 0x00007ff8fa80e000 	C:\Windows\SYSTEM32\ncrypt.dll
0x00007ff8fa7a0000 - 0x00007ff8fa7d7000 	C:\Windows\SYSTEM32\NTASN1.dll
0x00007ff8ea000000 - 0x00007ff8ea008000 	C:\Windows\system32\wshunix.dll

dbghelp: loaded successfully - version: 4.0.5 - missing functions: none
symbol engine: initialized successfully - sym options: 0x614 - pdb path: .;C:\Program Files\Java\jdk-21\bin;C:\Windows\SYSTEM32;C:\Windows\WinSxS\amd64_microsoft.windows.common-controls_6595b64144ccf1df_6.0.22621.3672_none_2713b9d173822955;C:\Program Files\Java\jdk-21\bin\server

VM Arguments:
jvm_args: -Dfile.encoding=UTF-8 -Dstdout.encoding=UTF-8 -Dstderr.encoding=UTF-8 -XX:+ShowCodeDetailsInExceptionMessages 
java_command: SelIntroduction
java_class_path (initial): C:\Users\pc\eclipse-workspace\AutomationIntroduction\target\classes;C:\Users\pc\.m2\repository\org\seleniumhq\selenium\selenium-java\4.22.0\selenium-java-4.22.0.jar;C:\Users\pc\.m2\repository\org\seleniumhq\selenium\selenium-api\4.22.0\selenium-api-4.22.0.jar;C:\Users\pc\.m2\repository\org\seleniumhq\selenium\selenium-chrome-driver\4.22.0\selenium-chrome-driver-4.22.0.jar;C:\Users\pc\.m2\repository\com\google\auto\service\auto-service-annotations\1.1.1\auto-service-annotations-1.1.1.jar;C:\Users\pc\.m2\repository\org\seleniumhq\selenium\selenium-chromium-driver\4.22.0\selenium-chromium-driver-4.22.0.jar;C:\Users\pc\.m2\repository\org\seleniumhq\selenium\selenium-json\4.22.0\selenium-json-4.22.0.jar;C:\Users\pc\.m2\repository\org\seleniumhq\selenium\selenium-manager\4.22.0\selenium-manager-4.22.0.jar;C:\Users\pc\.m2\repository\org\seleniumhq\selenium\selenium-devtools-v124\4.22.0\selenium-devtools-v124-4.22.0.jar;C:\Users\pc\.m2\repository\org\seleniumhq\selenium\selenium-devtools-v125\4.22.0\selenium-devtools-v125-4.22.0.jar;C:\Users\pc\.m2\repository\org\seleniumhq\selenium\selenium-devtools-v126\4.22.0\selenium-devtools-v126-4.22.0.jar;C:\Users\pc\.m2\repository\org\seleniumhq\selenium\selenium-devtools-v85\4.22.0\selenium-devtools-v85-4.22.0.jar;C:\Users\pc\.m2\repository\org\seleniumhq\selenium\selenium-edge-driver\4.22.0\selenium-edge-driver-4.22.0.jar;C:\Users\pc\.m2\repository\org\seleniumhq\selenium\selenium-firefox-driver\4.22.0\selenium-firefox-driver-4.22.0.jar;C:\Users\pc\.m2\repository\org\seleniumhq\selenium\selenium-http\4.22.0\selenium-http-4.22.0.jar;C:\Users\pc\.m2\repository\dev\failsafe\failsafe\3.3.2\failsafe-3.3.2.jar;C:\Users\pc\.m2\repository\org\seleniumhq\selenium\selenium-ie-driver\4.22.0\selenium-ie-driver-4.22.0.jar;C:\Users\pc\.m2\repository\org\seleniumhq\selenium\selenium-remote-driver\4.22.0\selenium-remote-driver-4.22.0.jar;C:\Users\pc\.m2\repository\com\google\guava\guava\33.2.1-jre\guava-33.2.1-jre.jar;C:\Users\pc\.m2\repository\com\google\guava\failureaccess\1.0.2\failureaccess-1.0.2.jar;C:\Users\pc\.m2\repository\com\google\guava\listenablefuture\9999.0-empty-to-avoid-conflict-with-guava\listenablefuture-9999.0-empty-to-avoid-conflict-with-guava.jar;C:\Users\pc\.m2\repository\com\google\code\findbugs\jsr305\3.0.2\jsr305-3.0.2.jar;C:\Users\pc\.m2\repository\org\checkerframework\checker-qual\3.42.0\checker-qual-3.42.0.jar;C:\Users\pc\.m2\repository\com\google\errorprone\error_prone_annotations\2.26.1\error_prone_annotations-2.26.1.jar;C:\Users\pc\.m2\repository\com\google\j2objc\j2objc-annotations\3.0.0\j2objc-annotations-3.0.0.jar;C:\Users\pc\.m2\repository\io\opentelemetry\semconv\opentelemetry-semconv\1.25.0-alpha\opentelemetry-semconv-1.25.0-alpha.jar;C:\Users\pc\.m2\repository\io\opentelemetry\opentelemetry-api\1.39.0\opentelemetry-api-1.39.0.jar;C:\Users\pc\.m2\repository\io\opentelemetry\opentelemetry-context\1.39.0\opentelemetry-context-1.39.0.jar;C:\Users\pc\.m2\repository\io\opentelemetry\opentelemetry-exporter-logging\1.39.0\opentelemetry-exporter-logging-1.39.0.jar;C:\Users\pc\.m2\repository\io\opentelemetry\opentelemetry-sdk-common\1.39.0\opentelemetry-sdk-common-1.39.0.jar;C:\Users\pc\.m2\repository\io\opentelemetry\opentelemetry-sdk-extension-autoconfigure-spi\1.39.0\opentelemetry-sdk-extension-autoconfigure-spi-1.39.0.jar;C:\Users\pc\.m2\repository\io\opentelemetry\opentelemetry-sdk-extension-autoconfigure\1.39.0\opentelemetry-sdk-extension-autoconfigure-1.39.0.jar;C:\Users\pc\.m2\repository\io\opentelemetry\opentelemetry-api-incubator\1.39.0-alpha\opentelemetry-api-incubator-1.39.0-alpha.jar;C:\Users\pc\.m2\repository\io\opentelemetry\opentelemetry-sdk-trace\1.39.0\opentelemetry-sdk-trace-1.39.0.jar;C:\Users\pc\.m2\repository\io\opentelemetry\opentelemetry-sdk\1.39.0\opentelemetry-sdk-1.39.0.jar;C:\Users\pc\.m2\repository\io\opentelemetry\opentelemetry-sdk-metrics\1.39.0\opentelemetry-sdk-metrics-1.39.0.jar;C:\Users\pc\.m2\repository\io\opentelemetry\opentelemetry-sdk-logs\1.39.0\opentelemetry-sdk-logs-1.39.0.jar;C:\Users\pc\.m2\repository\net\bytebuddy\byte-buddy\1.14.17\byte-buddy-1.14.17.jar;C:\Users\pc\.m2\repository\org\seleniumhq\selenium\selenium-os\4.22.0\selenium-os-4.22.0.jar;C:\Users\pc\.m2\repository\org\apache\commons\commons-exec\1.4.0\commons-exec-1.4.0.jar;C:\Users\pc\.m2\repository\org\seleniumhq\selenium\selenium-safari-driver\4.22.0\selenium-safari-driver-4.22.0.jar;C:\Users\pc\.m2\repository\org\seleniumhq\selenium\selenium-support\4.22.0\selenium-support-4.22.0.jar
Launcher Type: SUN_STANDARD

[Global flags]
     intx CICompilerCount                          = 12                                        {product} {ergonomic}
     uint ConcGCThreads                            = 3                                         {product} {ergonomic}
     uint G1ConcRefinementThreads                  = 13                                        {product} {ergonomic}
   size_t G1HeapRegionSize                         = 2097152                                   {product} {ergonomic}
    uintx GCDrainStackTargetSize                   = 64                                        {product} {ergonomic}
   size_t InitialHeapSize                          = 266338304                                 {product} {ergonomic}
   size_t MarkStackSize                            = 4194304                                   {product} {ergonomic}
   size_t MaxHeapSize                              = 4261412864                                {product} {ergonomic}
   size_t MaxNewSize                               = 2556428288                                {product} {ergonomic}
   size_t MinHeapDeltaBytes                        = 2097152                                   {product} {ergonomic}
   size_t MinHeapSize                              = 8388608                                   {product} {ergonomic}
    uintx NonNMethodCodeHeapSize                   = 7602480                                {pd product} {ergonomic}
    uintx NonProfiledCodeHeapSize                  = 122027880                              {pd product} {ergonomic}
    uintx ProfiledCodeHeapSize                     = 122027880                              {pd product} {ergonomic}
    uintx ReservedCodeCacheSize                    = 251658240                              {pd product} {ergonomic}
     bool SegmentedCodeCache                       = true                                      {product} {ergonomic}
     bool ShowCodeDetailsInExceptionMessages       = true                                   {manageable} {command line}
   size_t SoftMaxHeapSize                          = 4261412864                             {manageable} {ergonomic}
     bool UseCompressedOops                        = true                           {product lp64_product} {ergonomic}
     bool UseG1GC                                  = true                                      {product} {ergonomic}
     bool UseLargePagesIndividualAllocation        = false                                  {pd product} {ergonomic}

Logging:
Log output configuration:
 #0: stdout all=warning uptime,level,tags foldmultilines=false
 #1: stderr all=off uptime,level,tags foldmultilines=false

Environment Variables:
JAVA_HOME=C:\Program Files\Java\jdk-21
PATH=C:/Users/pc/Downloads/eclipse-java-2024-06-R-win32-x86_64/eclipse//plugins/org.eclipse.justj.openjdk.hotspot.jre.full.win32.x86_64_21.0.3.v20240426-1530/jre/bin/server;C:/Users/pc/Downloads/eclipse-java-2024-06-R-win32-x86_64/eclipse//plugins/org.eclipse.justj.openjdk.hotspot.jre.full.win32.x86_64_21.0.3.v20240426-1530/jre/bin;C:\Program Files\Java\jdk-21\bin;C:\Program Files\Common Files\Oracle\Java\javapath;C:\Windows\system32;C:\Windows;C:\Windows\System32\Wbem;C:\Windows\System32\WindowsPowerShell\v1.0\;C:\Windows\System32\OpenSSH\;C:\Program Files (x86)\NVIDIA Corporation\PhysX\Common;C:\Program Files\NVIDIA Corporation\NVIDIA NvDLISR;C:\Program Files\dotnet\;C:\Users\pc\anaconda3;C:\Users\pc\AppData\Local\Microsoft\WindowsApps;C:\Users\pc\AppData\Local\JetBrains\IntelliJ IDEA 2024.1\bin;;C:\Users\pc\anaconda3\;C:\Users\pc\AppData\Local\Programs\Microsoft VS Code\bin;C:\Users\pc\Downloads\eclipse-java-2024-06-R-win32-x86_64\eclipse;
USERNAME=pc
OS=Windows_NT
PROCESSOR_IDENTIFIER=Intel64 Family 6 Model 165 Stepping 5, GenuineIntel
TMP=C:\Users\pc\AppData\Local\Temp
TEMP=C:\Users\pc\AppData\Local\Temp




Periodic native trim disabled

---------------  S Y S T E M  ---------------

OS:
 Windows 11 , 64 bit Build 22621 (10.0.22621.3958)
OS uptime: 0 days 7:15 hours
Hyper-V role detected

CPU: total 16 (initial active 16) (8 cores per cpu, 2 threads per core) family 6 model 165 stepping 5 microcode 0xf0, cx8, cmov, fxsr, ht, mmx, 3dnowpref, sse, sse2, sse3, ssse3, sse4.1, sse4.2, popcnt, lzcnt, tsc, tscinvbit, avx, avx2, aes, erms, clmul, bmi1, bmi2, adx, fma, vzeroupper, clflush, clflushopt, hv, rdtscp, f16c
Processor Information for all 16 processors :
  Max Mhz: 2904, Current Mhz: 2904, Mhz Limit: 2904

Memory: 4k page, system-wide physical 16253M (4109M free)
TotalPageFile size 18301M (AvailPageFile size 79M)
current process WorkingSet (physical memory assigned to process): 101M, peak: 101M
current process commit charge ("private bytes"): 382M, peak: 383M

vm_info: Java HotSpot(TM) 64-Bit Server VM (21.0.4+8-LTS-274) for windows-amd64 JRE (21.0.4+8-LTS-274), built on 2024-06-05T05:23:33Z by "mach5one" with MS VC++ 17.6 (VS2022)

END.
