2024-08-28 11:04:11,080 [Worker-9: Loading available Gradle versions] INFO  o.e.b.c.i.u.g.PublishedGradleVersions - Gradle version information cache is up-to-date. Trying to read.
2024-08-28 11:05:17,650 [Worker-18: Updating Maven Dependencies] INFO  o.e.m.c.i.l.LifecycleMappingFactory - Using org.eclipse.m2e.jdt.JarLifecycleMapping lifecycle mapping for MavenProject: rahulshettyacademy:SeleniumIntroduction:0.0.1-SNAPSHOT @ C:\Users\pc\eclipse-workspace\Introduction\pom.xml.
2024-08-28 11:05:17,650 [Worker-13: Building] INFO  o.e.m.c.i.l.LifecycleMappingFactory - Using org.eclipse.m2e.jdt.JarLifecycleMapping lifecycle mapping for MavenProject: rahulshettyacademy:SeleniumIntroduction:0.0.1-SNAPSHOT @ C:\Users\pc\eclipse-workspace\Introduction\pom.xml.
2024-08-28 11:05:22,263 [Worker-13: Building] WARN  o.a.m.s.f.DefaultMavenResourcesFiltering - Using platform encoding (UTF-8 actually) to copy filtered resources, i.e. build is platform dependent!
2024-08-28 11:05:22,264 [Worker-13: Building] INFO  o.a.m.s.f.DefaultMavenResourcesFiltering - skip non existing resourceDirectory C:\Users\pc\eclipse-workspace\Introduction\src\main\resources
2024-08-28 11:05:22,267 [Worker-13: Building] WARN  o.a.m.s.f.DefaultMavenResourcesFiltering - Using platform encoding (UTF-8 actually) to copy filtered resources, i.e. build is platform dependent!
2024-08-28 11:05:22,268 [Worker-13: Building] INFO  o.a.m.s.f.DefaultMavenResourcesFiltering - skip non existing resourceDirectory C:\Users\pc\eclipse-workspace\Introduction\src\test\resources
2024-08-28 11:05:23,654 [Worker-33: Building] WARN  o.a.m.s.f.DefaultMavenResourcesFiltering - Using platform encoding (UTF-8 actually) to copy filtered resources, i.e. build is platform dependent!
2024-08-28 11:05:23,656 [Worker-33: Building] INFO  o.a.m.s.f.DefaultMavenResourcesFiltering - skip non existing resourceDirectory C:\Users\pc\eclipse-workspace\Introduction\src\main\resources
2024-08-28 11:05:23,665 [Worker-33: Building] WARN  o.a.m.s.f.DefaultMavenResourcesFiltering - Using platform encoding (UTF-8 actually) to copy filtered resources, i.e. build is platform dependent!
2024-08-28 11:05:23,666 [Worker-33: Building] INFO  o.a.m.s.f.DefaultMavenResourcesFiltering - skip non existing resourceDirectory C:\Users\pc\eclipse-workspace\Introduction\src\test\resources
2024-08-28 11:05:23,841 [Worker-30: Updating Maven Dependencies] INFO  o.e.m.c.i.l.LifecycleMappingFactory - Using org.eclipse.m2e.jdt.JarLifecycleMapping lifecycle mapping for MavenProject: rahulshettyacademy:SeleniumIntroduction:0.0.1-SNAPSHOT @ C:\Users\pc\eclipse-workspace\Introduction\pom.xml.
2024-08-28 11:05:25,178 [Worker-35: Building] WARN  o.a.m.s.f.DefaultMavenResourcesFiltering - Using platform encoding (UTF-8 actually) to copy filtered resources, i.e. build is platform dependent!
2024-08-28 11:05:25,179 [Worker-35: Building] INFO  o.a.m.s.f.DefaultMavenResourcesFiltering - skip non existing resourceDirectory C:\Users\pc\eclipse-workspace\Introduction\src\main\resources
2024-08-28 11:05:25,181 [Worker-35: Building] WARN  o.a.m.s.f.DefaultMavenResourcesFiltering - Using platform encoding (UTF-8 actually) to copy filtered resources, i.e. build is platform dependent!
2024-08-28 11:05:25,182 [Worker-35: Building] INFO  o.a.m.s.f.DefaultMavenResourcesFiltering - skip non existing resourceDirectory C:\Users\pc\eclipse-workspace\Introduction\src\test\resources
2024-08-28 11:08:32,204 [Worker-5: Loading available Gradle versions] INFO  o.e.b.c.i.u.g.PublishedGradleVersions - Gradle version information cache is up-to-date. Trying to read.
2024-08-28 11:09:22,718 [Worker-28: Enabling Maven Dependency Management] INFO  o.e.m.c.i.l.LifecycleMappingFactory - Using org.eclipse.m2e.jdt.JarLifecycleMapping lifecycle mapping for MavenProject: SelIntr:SelIntr:0.0.1-SNAPSHOT @ C:\Users\pc\eclipse-workspace\SelIntro\SelIntr\pom.xml.
2024-08-28 11:09:23,278 [Worker-28: Enabling Maven Dependency Management] INFO  o.e.m.j.i.AbstractJavaProjectConfigurator - Adding source folder /SelIntr/src
2024-08-28 11:09:23,280 [Worker-28: Enabling Maven Dependency Management] INFO  o.e.m.j.i.AbstractJavaProjectConfigurator - Resources folder /SelIntr/src/main/resources overlaps with sources folder /SelIntr/src
2024-08-28 11:09:23,282 [Worker-28: Enabling Maven Dependency Management] INFO  o.e.m.j.i.AbstractJavaProjectConfigurator - Not adding source folder /SelIntr/src/test/java because it overlaps with /SelIntr/src
2024-08-28 11:09:23,283 [Worker-28: Enabling Maven Dependency Management] INFO  o.e.m.j.i.AbstractJavaProjectConfigurator - Resources folder /SelIntr/src/test/resources overlaps with sources folder /SelIntr/src
2024-08-28 11:09:23,380 [Worker-28: Enabling Maven Dependency Management] INFO  o.e.m.c.i.p.ProjectConfigurationManager - Update started
2024-08-28 11:09:23,856 [Worker-28: Enabling Maven Dependency Management] INFO  o.e.m.c.i.l.LifecycleMappingFactory - Using org.eclipse.m2e.jdt.JarLifecycleMapping lifecycle mapping for MavenProject: SelIntr:SelIntr:0.0.1-SNAPSHOT @ C:\Users\pc\eclipse-workspace\SelIntro\SelIntr\pom.xml.
2024-08-28 11:09:23,997 [Worker-28: Enabling Maven Dependency Management] INFO  o.e.m.j.i.AbstractJavaProjectConfigurator - Adding source folder /SelIntr/src
2024-08-28 11:09:23,998 [Worker-28: Enabling Maven Dependency Management] INFO  o.e.m.j.i.AbstractJavaProjectConfigurator - Resources folder /SelIntr/src/main/resources overlaps with sources folder /SelIntr/src
2024-08-28 11:09:23,999 [Worker-28: Enabling Maven Dependency Management] INFO  o.e.m.j.i.AbstractJavaProjectConfigurator - Not adding source folder /SelIntr/src/test/java because it overlaps with /SelIntr/src
2024-08-28 11:09:24,000 [Worker-28: Enabling Maven Dependency Management] INFO  o.e.m.j.i.AbstractJavaProjectConfigurator - Resources folder /SelIntr/src/test/resources overlaps with sources folder /SelIntr/src
2024-08-28 11:09:24,049 [Worker-28: Enabling Maven Dependency Management] INFO  o.e.m.c.i.p.ProjectConfigurationManager - Update completed for 1 poms: local refresh takes 0.00 sec, refresh facades takes 0.00 sec, update config takes 0.00 sec 
2024-08-28 11:09:24,174 [Worker-5: Building] WARN  o.a.m.s.f.DefaultMavenResourcesFiltering - Using platform encoding (UTF-8 actually) to copy filtered resources, i.e. build is platform dependent!
2024-08-28 11:09:24,174 [Worker-5: Building] INFO  o.a.m.s.f.DefaultMavenResourcesFiltering - skip non existing resourceDirectory C:\Users\pc\eclipse-workspace\SelIntro\SelIntr\src\main\resources
2024-08-28 11:09:24,179 [Worker-5: Building] WARN  o.a.m.s.f.DefaultMavenResourcesFiltering - Using platform encoding (UTF-8 actually) to copy filtered resources, i.e. build is platform dependent!
2024-08-28 11:09:24,181 [Worker-5: Building] INFO  o.a.m.s.f.DefaultMavenResourcesFiltering - skip non existing resourceDirectory C:\Users\pc\eclipse-workspace\SelIntro\SelIntr\src\test\resources
2024-08-28 11:11:06,086 [Worker-7: Building] INFO  o.e.m.c.i.l.LifecycleMappingFactory - Using org.eclipse.m2e.jdt.JarLifecycleMapping lifecycle mapping for MavenProject: SelIntr:SelIntr:0.0.1-SNAPSHOT @ C:\Users\pc\eclipse-workspace\SelIntro\SelIntr\pom.xml.
2024-08-28 11:11:06,383 [Worker-7: Building] WARN  o.a.m.s.f.DefaultMavenResourcesFiltering - Using platform encoding (UTF-8 actually) to copy filtered resources, i.e. build is platform dependent!
2024-08-28 11:11:06,383 [Worker-7: Building] INFO  o.a.m.s.f.DefaultMavenResourcesFiltering - skip non existing resourceDirectory C:\Users\pc\eclipse-workspace\SelIntro\SelIntr\src\main\resources
2024-08-28 11:11:06,383 [Worker-7: Building] WARN  o.a.m.s.f.DefaultMavenResourcesFiltering - Using platform encoding (UTF-8 actually) to copy filtered resources, i.e. build is platform dependent!
2024-08-28 11:11:06,383 [Worker-7: Building] INFO  o.a.m.s.f.DefaultMavenResourcesFiltering - skip non existing resourceDirectory C:\Users\pc\eclipse-workspace\SelIntro\SelIntr\src\test\resources
2024-08-28 11:11:07,668 [Worker-28: Building] WARN  o.a.m.s.f.DefaultMavenResourcesFiltering - Using platform encoding (UTF-8 actually) to copy filtered resources, i.e. build is platform dependent!
2024-08-28 11:11:07,669 [Worker-28: Building] INFO  o.a.m.s.f.DefaultMavenResourcesFiltering - skip non existing resourceDirectory C:\Users\pc\eclipse-workspace\SelIntro\SelIntr\src\main\resources
2024-08-28 11:11:07,671 [Worker-28: Building] WARN  o.a.m.s.f.DefaultMavenResourcesFiltering - Using platform encoding (UTF-8 actually) to copy filtered resources, i.e. build is platform dependent!
2024-08-28 11:11:07,672 [Worker-28: Building] INFO  o.a.m.s.f.DefaultMavenResourcesFiltering - skip non existing resourceDirectory C:\Users\pc\eclipse-workspace\SelIntro\SelIntr\src\test\resources
2024-08-28 11:11:52,981 [Worker-18: Building] WARN  o.a.m.s.f.DefaultMavenResourcesFiltering - Using platform encoding (UTF-8 actually) to copy filtered resources, i.e. build is platform dependent!
2024-08-28 11:11:52,982 [Worker-18: Building] INFO  o.a.m.s.f.DefaultMavenResourcesFiltering - skip non existing resourceDirectory C:\Users\pc\eclipse-workspace\SelIntro\SelIntr\src\main\resources
2024-08-28 11:11:52,984 [Worker-18: Building] WARN  o.a.m.s.f.DefaultMavenResourcesFiltering - Using platform encoding (UTF-8 actually) to copy filtered resources, i.e. build is platform dependent!
2024-08-28 11:11:52,985 [Worker-18: Building] INFO  o.a.m.s.f.DefaultMavenResourcesFiltering - skip non existing resourceDirectory C:\Users\pc\eclipse-workspace\SelIntro\SelIntr\src\test\resources
2024-08-28 11:12:19,438 [Worker-27: Building] WARN  o.a.m.s.f.DefaultMavenResourcesFiltering - Using platform encoding (UTF-8 actually) to copy filtered resources, i.e. build is platform dependent!
2024-08-28 11:12:19,440 [Worker-27: Building] INFO  o.a.m.s.f.DefaultMavenResourcesFiltering - skip non existing resourceDirectory C:\Users\pc\eclipse-workspace\SelIntro\SelIntr\src\main\resources
2024-08-28 11:12:19,442 [Worker-27: Building] WARN  o.a.m.s.f.DefaultMavenResourcesFiltering - Using platform encoding (UTF-8 actually) to copy filtered resources, i.e. build is platform dependent!
2024-08-28 11:12:19,444 [Worker-27: Building] INFO  o.a.m.s.f.DefaultMavenResourcesFiltering - skip non existing resourceDirectory C:\Users\pc\eclipse-workspace\SelIntro\SelIntr\src\test\resources
2024-08-28 11:12:34,464 [Worker-4: Building] WARN  o.a.m.s.f.DefaultMavenResourcesFiltering - Using platform encoding (UTF-8 actually) to copy filtered resources, i.e. build is platform dependent!
2024-08-28 11:12:34,465 [Worker-4: Building] INFO  o.a.m.s.f.DefaultMavenResourcesFiltering - skip non existing resourceDirectory C:\Users\pc\eclipse-workspace\SelIntro\SelIntr\src\main\resources
2024-08-28 11:12:34,467 [Worker-4: Building] WARN  o.a.m.s.f.DefaultMavenResourcesFiltering - Using platform encoding (UTF-8 actually) to copy filtered resources, i.e. build is platform dependent!
2024-08-28 11:12:34,468 [Worker-4: Building] INFO  o.a.m.s.f.DefaultMavenResourcesFiltering - skip non existing resourceDirectory C:\Users\pc\eclipse-workspace\SelIntro\SelIntr\src\test\resources
2024-08-28 11:12:40,460 [Start Help Server] INFO  org.eclipse.jetty.server.Server - jetty-12.0.9; built: 2024-05-03T13:03:17.262Z; git: efe8023327e67287f9bfd006700e6a71d45b5dd6; jvm 21.0.3+9-LTS
2024-08-28 11:12:40,565 [Start Help Server] INFO  o.e.j.server.handler.ContextHandler - Started oeje8n.ContextHandler$CoreContextHandler@794a09ad{/help,/help,b=null,a=AVAILABLE,h=oeje8n.ContextHandler$CoreContextHandler$CoreToNestedHandler@5794af16{STARTED}}
2024-08-28 11:12:40,567 [Start Help Server] INFO  o.e.j.s.DefaultSessionIdManager - Session workerName=node0
2024-08-28 11:12:40,612 [Start Help Server] INFO  o.e.jetty.server.AbstractConnector - Started ServerConnector@28cd226d{HTTP/1.1, (http/1.1)}{127.0.0.1:57158}
2024-08-28 11:12:40,622 [Start Help Server] INFO  org.eclipse.jetty.server.Server - Started oejs.Server@2cfa5b59{STARTING}[12.0.9,sto=0] @262720ms
2024-08-28 11:12:56,853 [Worker-23: Building] WARN  o.a.m.s.f.DefaultMavenResourcesFiltering - Using platform encoding (UTF-8 actually) to copy filtered resources, i.e. build is platform dependent!
2024-08-28 11:12:56,853 [Worker-23: Building] INFO  o.a.m.s.f.DefaultMavenResourcesFiltering - skip non existing resourceDirectory C:\Users\pc\eclipse-workspace\SelIntro\SelIntr\src\main\resources
2024-08-28 11:12:56,855 [Worker-23: Building] WARN  o.a.m.s.f.DefaultMavenResourcesFiltering - Using platform encoding (UTF-8 actually) to copy filtered resources, i.e. build is platform dependent!
2024-08-28 11:12:56,855 [Worker-23: Building] INFO  o.a.m.s.f.DefaultMavenResourcesFiltering - skip non existing resourceDirectory C:\Users\pc\eclipse-workspace\SelIntro\SelIntr\src\test\resources
2024-08-28 11:13:01,729 [Worker-32: Building] WARN  o.a.m.s.f.DefaultMavenResourcesFiltering - Using platform encoding (UTF-8 actually) to copy filtered resources, i.e. build is platform dependent!
2024-08-28 11:13:01,731 [Worker-32: Building] INFO  o.a.m.s.f.DefaultMavenResourcesFiltering - skip non existing resourceDirectory C:\Users\pc\eclipse-workspace\SelIntro\SelIntr\src\main\resources
2024-08-28 11:13:01,732 [Worker-32: Building] WARN  o.a.m.s.f.DefaultMavenResourcesFiltering - Using platform encoding (UTF-8 actually) to copy filtered resources, i.e. build is platform dependent!
2024-08-28 11:13:01,733 [Worker-32: Building] INFO  o.a.m.s.f.DefaultMavenResourcesFiltering - skip non existing resourceDirectory C:\Users\pc\eclipse-workspace\SelIntro\SelIntr\src\test\resources
2024-08-28 11:16:15,075 [Worker-22: Building] WARN  o.a.m.s.f.DefaultMavenResourcesFiltering - Using platform encoding (UTF-8 actually) to copy filtered resources, i.e. build is platform dependent!
2024-08-28 11:16:15,076 [Worker-22: Building] INFO  o.a.m.s.f.DefaultMavenResourcesFiltering - skip non existing resourceDirectory C:\Users\pc\eclipse-workspace\SelIntro\SelIntr\src\main\resources
2024-08-28 11:16:15,078 [Worker-22: Building] WARN  o.a.m.s.f.DefaultMavenResourcesFiltering - Using platform encoding (UTF-8 actually) to copy filtered resources, i.e. build is platform dependent!
2024-08-28 11:16:15,078 [Worker-22: Building] INFO  o.a.m.s.f.DefaultMavenResourcesFiltering - skip non existing resourceDirectory C:\Users\pc\eclipse-workspace\SelIntro\SelIntr\src\test\resources
2024-08-28 11:20:29,646 [Worker-22: Building] WARN  o.a.m.s.f.DefaultMavenResourcesFiltering - Using platform encoding (UTF-8 actually) to copy filtered resources, i.e. build is platform dependent!
2024-08-28 11:20:29,647 [Worker-22: Building] INFO  o.a.m.s.f.DefaultMavenResourcesFiltering - skip non existing resourceDirectory C:\Users\pc\eclipse-workspace\SelIntro\SelIntr\src\main\resources
2024-08-28 11:20:29,648 [Worker-22: Building] WARN  o.a.m.s.f.DefaultMavenResourcesFiltering - Using platform encoding (UTF-8 actually) to copy filtered resources, i.e. build is platform dependent!
2024-08-28 11:20:29,649 [Worker-22: Building] INFO  o.a.m.s.f.DefaultMavenResourcesFiltering - skip non existing resourceDirectory C:\Users\pc\eclipse-workspace\SelIntro\SelIntr\src\test\resources
2024-08-28 11:22:37,436 [Worker-18: Launching AutomationIntro] WARN  o.a.m.s.f.DefaultMavenResourcesFiltering - Using platform encoding (UTF-8 actually) to copy filtered resources, i.e. build is platform dependent!
2024-08-28 11:22:37,437 [Worker-18: Launching AutomationIntro] INFO  o.a.m.s.f.DefaultMavenResourcesFiltering - skip non existing resourceDirectory C:\Users\pc\eclipse-workspace\SelIntro\SelIntr\src\main\resources
2024-08-28 11:22:37,439 [Worker-18: Launching AutomationIntro] WARN  o.a.m.s.f.DefaultMavenResourcesFiltering - Using platform encoding (UTF-8 actually) to copy filtered resources, i.e. build is platform dependent!
2024-08-28 11:22:37,440 [Worker-18: Launching AutomationIntro] INFO  o.a.m.s.f.DefaultMavenResourcesFiltering - skip non existing resourceDirectory C:\Users\pc\eclipse-workspace\SelIntro\SelIntr\src\test\resources
2024-08-28 11:26:39,143 [Worker-39: Building] WARN  o.a.m.s.f.DefaultMavenResourcesFiltering - Using platform encoding (UTF-8 actually) to copy filtered resources, i.e. build is platform dependent!
2024-08-28 11:26:39,144 [Worker-39: Building] INFO  o.a.m.s.f.DefaultMavenResourcesFiltering - skip non existing resourceDirectory C:\Users\pc\eclipse-workspace\SelIntro\SelIntr\src\main\resources
2024-08-28 11:26:39,145 [Worker-39: Building] WARN  o.a.m.s.f.DefaultMavenResourcesFiltering - Using platform encoding (UTF-8 actually) to copy filtered resources, i.e. build is platform dependent!
2024-08-28 11:26:39,146 [Worker-39: Building] INFO  o.a.m.s.f.DefaultMavenResourcesFiltering - skip non existing resourceDirectory C:\Users\pc\eclipse-workspace\SelIntro\SelIntr\src\test\resources
2024-08-28 11:26:57,527 [Worker-39: Building] WARN  o.a.m.s.f.DefaultMavenResourcesFiltering - Using platform encoding (UTF-8 actually) to copy filtered resources, i.e. build is platform dependent!
2024-08-28 11:26:57,527 [Worker-39: Building] INFO  o.a.m.s.f.DefaultMavenResourcesFiltering - skip non existing resourceDirectory C:\Users\pc\eclipse-workspace\SelIntro\SelIntr\src\main\resources
2024-08-28 11:26:57,528 [Worker-39: Building] WARN  o.a.m.s.f.DefaultMavenResourcesFiltering - Using platform encoding (UTF-8 actually) to copy filtered resources, i.e. build is platform dependent!
2024-08-28 11:26:57,529 [Worker-39: Building] INFO  o.a.m.s.f.DefaultMavenResourcesFiltering - skip non existing resourceDirectory C:\Users\pc\eclipse-workspace\SelIntro\SelIntr\src\test\resources
2024-08-28 11:32:03,129 [Worker-22: Building] WARN  o.a.m.s.f.DefaultMavenResourcesFiltering - Using platform encoding (UTF-8 actually) to copy filtered resources, i.e. build is platform dependent!
2024-08-28 11:32:03,130 [Worker-22: Building] INFO  o.a.m.s.f.DefaultMavenResourcesFiltering - skip non existing resourceDirectory C:\Users\pc\eclipse-workspace\SelIntro\SelIntr\src\main\resources
2024-08-28 11:32:03,132 [Worker-22: Building] WARN  o.a.m.s.f.DefaultMavenResourcesFiltering - Using platform encoding (UTF-8 actually) to copy filtered resources, i.e. build is platform dependent!
2024-08-28 11:32:03,133 [Worker-22: Building] INFO  o.a.m.s.f.DefaultMavenResourcesFiltering - skip non existing resourceDirectory C:\Users\pc\eclipse-workspace\SelIntro\SelIntr\src\test\resources
2024-08-28 11:32:21,787 [Worker-41: Building] WARN  o.a.m.s.f.DefaultMavenResourcesFiltering - Using platform encoding (UTF-8 actually) to copy filtered resources, i.e. build is platform dependent!
2024-08-28 11:32:21,788 [Worker-41: Building] INFO  o.a.m.s.f.DefaultMavenResourcesFiltering - skip non existing resourceDirectory C:\Users\pc\eclipse-workspace\SelIntro\SelIntr\src\main\resources
2024-08-28 11:32:21,789 [Worker-41: Building] WARN  o.a.m.s.f.DefaultMavenResourcesFiltering - Using platform encoding (UTF-8 actually) to copy filtered resources, i.e. build is platform dependent!
2024-08-28 11:32:21,789 [Worker-41: Building] INFO  o.a.m.s.f.DefaultMavenResourcesFiltering - skip non existing resourceDirectory C:\Users\pc\eclipse-workspace\SelIntro\SelIntr\src\test\resources
2024-08-28 11:33:31,221 [Worker-42: Building] WARN  o.a.m.s.f.DefaultMavenResourcesFiltering - Using platform encoding (UTF-8 actually) to copy filtered resources, i.e. build is platform dependent!
2024-08-28 11:33:31,222 [Worker-42: Building] INFO  o.a.m.s.f.DefaultMavenResourcesFiltering - skip non existing resourceDirectory C:\Users\pc\eclipse-workspace\SelIntro\SelIntr\src\main\resources
2024-08-28 11:33:31,223 [Worker-42: Building] WARN  o.a.m.s.f.DefaultMavenResourcesFiltering - Using platform encoding (UTF-8 actually) to copy filtered resources, i.e. build is platform dependent!
2024-08-28 11:33:31,224 [Worker-42: Building] INFO  o.a.m.s.f.DefaultMavenResourcesFiltering - skip non existing resourceDirectory C:\Users\pc\eclipse-workspace\SelIntro\SelIntr\src\test\resources
2024-08-28 11:45:08,996 [Worker-45: Building] WARN  o.a.m.s.f.DefaultMavenResourcesFiltering - Using platform encoding (UTF-8 actually) to copy filtered resources, i.e. build is platform dependent!
2024-08-28 11:45:08,997 [Worker-45: Building] INFO  o.a.m.s.f.DefaultMavenResourcesFiltering - skip non existing resourceDirectory C:\Users\pc\eclipse-workspace\SelIntro\SelIntr\src\main\resources
2024-08-28 11:45:08,999 [Worker-45: Building] WARN  o.a.m.s.f.DefaultMavenResourcesFiltering - Using platform encoding (UTF-8 actually) to copy filtered resources, i.e. build is platform dependent!
2024-08-28 11:45:09,000 [Worker-45: Building] INFO  o.a.m.s.f.DefaultMavenResourcesFiltering - skip non existing resourceDirectory C:\Users\pc\eclipse-workspace\SelIntro\SelIntr\src\test\resources
2024-08-28 11:47:03,481 [Worker-41: Building] WARN  o.a.m.s.f.DefaultMavenResourcesFiltering - Using platform encoding (UTF-8 actually) to copy filtered resources, i.e. build is platform dependent!
2024-08-28 11:47:03,483 [Worker-41: Building] INFO  o.a.m.s.f.DefaultMavenResourcesFiltering - skip non existing resourceDirectory C:\Users\pc\eclipse-workspace\SelIntro\SelIntr\src\main\resources
2024-08-28 11:47:03,484 [Worker-41: Building] WARN  o.a.m.s.f.DefaultMavenResourcesFiltering - Using platform encoding (UTF-8 actually) to copy filtered resources, i.e. build is platform dependent!
2024-08-28 11:47:03,485 [Worker-41: Building] INFO  o.a.m.s.f.DefaultMavenResourcesFiltering - skip non existing resourceDirectory C:\Users\pc\eclipse-workspace\SelIntro\SelIntr\src\test\resources
2024-08-28 11:48:27,486 [Stop Help Server] INFO  org.eclipse.jetty.server.Server - Stopped oejs.Server@2cfa5b59{STOPPING}[12.0.9,sto=0]
2024-08-28 11:48:27,497 [Stop Help Server] INFO  o.e.jetty.server.AbstractConnector - Stopped ServerConnector@28cd226d{HTTP/1.1, (http/1.1)}{127.0.0.1:0}
